

Processing ApplicationController#index (for 127.0.0.1 at 2008-04-11 16:55:23) [GET]
  Session ID: 8ea6182ccc8435d176685db70a8d5cbc
  Parameters: {}


ActionController::RoutingError (No route matches "/rails/info/properties" with {:method=>:get}):
    c:/ruby/lib/ruby/gems/1.8/gems/actionpack-2.0.2/lib/action_controller/routing.rb:1441:in `recognize_path'
    c:/ruby/lib/ruby/gems/1.8/gems/actionpack-2.0.2/lib/action_controller/routing.rb:1424:in `recognize'
    c:/ruby/lib/ruby/gems/1.8/gems/actionpack-2.0.2/lib/action_controller/dispatcher.rb:170:in `handle_request'
    c:/ruby/lib/ruby/gems/1.8/gems/actionpack-2.0.2/lib/action_controller/dispatcher.rb:115:in `dispatch'
    c:/ruby/lib/ruby/gems/1.8/gems/actionpack-2.0.2/lib/action_controller/dispatcher.rb:126:in `dispatch_cgi'
    c:/ruby/lib/ruby/gems/1.8/gems/actionpack-2.0.2/lib/action_controller/dispatcher.rb:9:in `dispatch'
    c:/ruby/lib/ruby/gems/1.8/gems/rails-2.0.2/lib/webrick_server.rb:112:in `handle_dispatch'
    c:/ruby/lib/ruby/gems/1.8/gems/rails-2.0.2/lib/webrick_server.rb:78:in `service'
    c:/ruby/lib/ruby/1.8/webrick/httpserver.rb:104:in `service'
    c:/ruby/lib/ruby/1.8/webrick/httpserver.rb:65:in `run'
    c:/ruby/lib/ruby/1.8/webrick/server.rb:173:in `start_thread'
    c:/ruby/lib/ruby/1.8/webrick/server.rb:162:in `start'
    c:/ruby/lib/ruby/1.8/webrick/server.rb:162:in `start_thread'
    c:/ruby/lib/ruby/1.8/webrick/server.rb:95:in `start'
    c:/ruby/lib/ruby/1.8/webrick/server.rb:92:in `each'
    c:/ruby/lib/ruby/1.8/webrick/server.rb:92:in `start'
    c:/ruby/lib/ruby/1.8/webrick/server.rb:23:in `start'
    c:/ruby/lib/ruby/1.8/webrick/server.rb:82:in `start'
    c:/ruby/lib/ruby/gems/1.8/gems/rails-2.0.2/lib/webrick_server.rb:62:in `dispatch'
    c:/ruby/lib/ruby/gems/1.8/gems/rails-2.0.2/lib/commands/servers/webrick.rb:66
    c:/ruby/lib/ruby/site_ruby/1.8/rubygems/custom_require.rb:27:in `gem_original_require'
    c:/ruby/lib/ruby/site_ruby/1.8/rubygems/custom_require.rb:27:in `require'
    c:/ruby/lib/ruby/gems/1.8/gems/activesupport-2.0.2/lib/active_support/dependencies.rb:496:in `require'
    c:/ruby/lib/ruby/gems/1.8/gems/activesupport-2.0.2/lib/active_support/dependencies.rb:342:in `new_constants_in'
    c:/ruby/lib/ruby/gems/1.8/gems/activesupport-2.0.2/lib/active_support/dependencies.rb:496:in `require'
    c:/ruby/lib/ruby/gems/1.8/gems/rails-2.0.2/lib/commands/server.rb:39
    c:/ruby/lib/ruby/site_ruby/1.8/rubygems/custom_require.rb:27:in `gem_original_require'
    c:/ruby/lib/ruby/site_ruby/1.8/rubygems/custom_require.rb:27:in `require'
    script/server:3

Rendering c:/ruby/lib/ruby/gems/1.8/gems/actionpack-2.0.2/lib/action_controller/templates/rescues/layout.erb (not_found)


Processing WeborbController#index (for 127.0.0.1 at 2008-07-24 15:01:55) [POST]
  Session ID: 35f8ce029b7e6c6b812abdb2d36ab52d
  Parameters: {"action"=>"index", "controller"=>"weborb"}


Processing WeborbController#index (for 127.0.0.1 at 2008-07-24 15:01:55) [POST]
  Session ID: 35f8ce029b7e6c6b812abdb2d36ab52d
  Parameters: {"action"=>"index", "controller"=>"weborb"}


Mysql::Error (Access denied for user 'nearbyin_admin'@'localhost' (using password: YES)):
    c:/ruby/lib/ruby/gems/1.8/gems/activerecord-2.0.2/lib/active_record/connection_adapters/mysql_adapter.rb:471:in `real_connect'
    c:/ruby/lib/ruby/gems/1.8/gems/activerecord-2.0.2/lib/active_record/connection_adapters/mysql_adapter.rb:471:in `connect'
    c:/ruby/lib/ruby/gems/1.8/gems/activerecord-2.0.2/lib/active_record/connection_adapters/mysql_adapter.rb:165:in `initialize'
    c:/ruby/lib/ruby/gems/1.8/gems/activerecord-2.0.2/lib/active_record/connection_adapters/mysql_adapter.rb:88:in `new'
    c:/ruby/lib/ruby/gems/1.8/gems/activerecord-2.0.2/lib/active_record/connection_adapters/mysql_adapter.rb:88:in `mysql_connection'
    c:/ruby/lib/ruby/gems/1.8/gems/activerecord-2.0.2/lib/active_record/connection_adapters/abstract/connection_specification.rb:291:in `send'
    c:/ruby/lib/ruby/gems/1.8/gems/activerecord-2.0.2/lib/active_record/connection_adapters/abstract/connection_specification.rb:291:in `connection='
    c:/ruby/lib/ruby/gems/1.8/gems/activerecord-2.0.2/lib/active_record/connection_adapters/abstract/connection_specification.rb:259:in `retrieve_connection'
    c:/ruby/lib/ruby/gems/1.8/gems/activerecord-2.0.2/lib/active_record/connection_adapters/abstract/connection_specification.rb:78:in `connection'
    c:/ruby/lib/ruby/gems/1.8/gems/activerecord-2.0.2/lib/active_record/query_cache.rb:8:in `cache'
    c:/ruby/lib/ruby/gems/1.8/gems/actionpack-2.0.2/lib/action_controller/caching.rb:677:in `perform_action'
    c:/ruby/lib/ruby/gems/1.8/gems/actionpack-2.0.2/lib/action_controller/base.rb:524:in `send'
    c:/ruby/lib/ruby/gems/1.8/gems/actionpack-2.0.2/lib/action_controller/base.rb:524:in `process_without_filters'
    c:/ruby/lib/ruby/gems/1.8/gems/actionpack-2.0.2/lib/action_controller/filters.rb:685:in `process_without_session_management_support'
    c:/ruby/lib/ruby/gems/1.8/gems/actionpack-2.0.2/lib/action_controller/session_management.rb:123:in `process'
    c:/ruby/lib/ruby/gems/1.8/gems/actionpack-2.0.2/lib/action_controller/base.rb:388:in `process'
    c:/ruby/lib/ruby/gems/1.8/gems/actionpack-2.0.2/lib/action_controller/dispatcher.rb:171:in `handle_request'
    c:/ruby/lib/ruby/gems/1.8/gems/actionpack-2.0.2/lib/action_controller/dispatcher.rb:115:in `dispatch'
    c:/ruby/lib/ruby/gems/1.8/gems/actionpack-2.0.2/lib/action_controller/dispatcher.rb:126:in `dispatch_cgi'
    c:/ruby/lib/ruby/gems/1.8/gems/actionpack-2.0.2/lib/action_controller/dispatcher.rb:9:in `dispatch'
    c:/ruby/lib/ruby/gems/1.8/gems/mongrel-1.1.5-x86-mswin32-60/bin/../lib/mongrel/rails.rb:76:in `process'
    c:/ruby/lib/ruby/gems/1.8/gems/mongrel-1.1.5-x86-mswin32-60/bin/../lib/mongrel/rails.rb:74:in `synchronize'
    c:/ruby/lib/ruby/gems/1.8/gems/mongrel-1.1.5-x86-mswin32-60/bin/../lib/mongrel/rails.rb:74:in `process'
    c:/ruby/lib/ruby/gems/1.8/gems/mongrel-1.1.5-x86-mswin32-60/lib/mongrel.rb:159:in `process_client'
    c:/ruby/lib/ruby/gems/1.8/gems/mongrel-1.1.5-x86-mswin32-60/lib/mongrel.rb:158:in `each'
    c:/ruby/lib/ruby/gems/1.8/gems/mongrel-1.1.5-x86-mswin32-60/lib/mongrel.rb:158:in `process_client'
    c:/ruby/lib/ruby/gems/1.8/gems/mongrel-1.1.5-x86-mswin32-60/lib/mongrel.rb:285:in `run'
    c:/ruby/lib/ruby/gems/1.8/gems/mongrel-1.1.5-x86-mswin32-60/lib/mongrel.rb:285:in `initialize'
    c:/ruby/lib/ruby/gems/1.8/gems/mongrel-1.1.5-x86-mswin32-60/lib/mongrel.rb:285:in `new'
    c:/ruby/lib/ruby/gems/1.8/gems/mongrel-1.1.5-x86-mswin32-60/lib/mongrel.rb:285:in `run'
    c:/ruby/lib/ruby/gems/1.8/gems/mongrel-1.1.5-x86-mswin32-60/lib/mongrel.rb:268:in `initialize'
    c:/ruby/lib/ruby/gems/1.8/gems/mongrel-1.1.5-x86-mswin32-60/lib/mongrel.rb:268:in `new'
    c:/ruby/lib/ruby/gems/1.8/gems/mongrel-1.1.5-x86-mswin32-60/lib/mongrel.rb:268:in `run'
    c:/ruby/lib/ruby/gems/1.8/gems/mongrel-1.1.5-x86-mswin32-60/lib/mongrel/configurator.rb:282:in `run'
    c:/ruby/lib/ruby/gems/1.8/gems/mongrel-1.1.5-x86-mswin32-60/lib/mongrel/configurator.rb:281:in `each'
    c:/ruby/lib/ruby/gems/1.8/gems/mongrel-1.1.5-x86-mswin32-60/lib/mongrel/configurator.rb:281:in `run'
    c:/ruby/lib/ruby/gems/1.8/gems/mongrel-1.1.5-x86-mswin32-60/bin/mongrel_rails:128:in `run'
    c:/ruby/lib/ruby/gems/1.8/gems/mongrel-1.1.5-x86-mswin32-60/lib/mongrel/command.rb:212:in `run'
    c:/ruby/lib/ruby/gems/1.8/gems/mongrel-1.1.5-x86-mswin32-60/bin/mongrel_rails:281
    c:/ruby/lib/ruby/gems/1.8/gems/activesupport-2.0.2/lib/active_support/dependencies.rb:489:in `load'
    c:/ruby/lib/ruby/gems/1.8/gems/activesupport-2.0.2/lib/active_support/dependencies.rb:489:in `load'
    c:/ruby/lib/ruby/gems/1.8/gems/activesupport-2.0.2/lib/active_support/dependencies.rb:342:in `new_constants_in'
    c:/ruby/lib/ruby/gems/1.8/gems/activesupport-2.0.2/lib/active_support/dependencies.rb:489:in `load'
    c:/ruby/lib/ruby/gems/1.8/gems/rails-2.0.2/lib/commands/servers/mongrel.rb:64
    c:/ruby/lib/ruby/site_ruby/1.8/rubygems/custom_require.rb:27:in `gem_original_require'
    c:/ruby/lib/ruby/site_ruby/1.8/rubygems/custom_require.rb:27:in `require'
    c:/ruby/lib/ruby/gems/1.8/gems/activesupport-2.0.2/lib/active_support/dependencies.rb:496:in `require'
    c:/ruby/lib/ruby/gems/1.8/gems/activesupport-2.0.2/lib/active_support/dependencies.rb:342:in `new_constants_in'
    c:/ruby/lib/ruby/gems/1.8/gems/activesupport-2.0.2/lib/active_support/dependencies.rb:496:in `require'
    c:/ruby/lib/ruby/gems/1.8/gems/rails-2.0.2/lib/commands/server.rb:39
    c:/ruby/lib/ruby/site_ruby/1.8/rubygems/custom_require.rb:27:in `gem_original_require'
    c:/ruby/lib/ruby/site_ruby/1.8/rubygems/custom_require.rb:27:in `require'
    script/server:3

Rendering c:/ruby/lib/ruby/gems/1.8/gems/actionpack-2.0.2/lib/action_controller/templates/rescues/layout.erb (internal_server_error)


Processing WeborbController#index (for 127.0.0.1 at 2008-07-24 15:01:59) [POST]
  Session ID: BAh7BiIKZmxhc2hJQzonQWN0aW9uQ29udHJvbGxlcjo6Rmxhc2g6OkZsYXNo%0ASGFzaHsABjoKQHVzZWR7AA%3D%3D--29945c7107df37d3acd8a1a17bd4700633fe6704
  Parameters: {"action"=>"index", "controller"=>"weborb"}


Processing WeborbController#index (for 127.0.0.1 at 2008-07-24 15:01:59) [POST]
  Session ID: BAh7BiIKZmxhc2hJQzonQWN0aW9uQ29udHJvbGxlcjo6Rmxhc2g6OkZsYXNo%0ASGFzaHsABjoKQHVzZWR7AA%3D%3D--29945c7107df37d3acd8a1a17bd4700633fe6704
  Parameters: {"action"=>"index", "controller"=>"weborb"}


Mysql::Error (Access denied for user 'nearbyin_admin'@'localhost' (using password: YES)):
    c:/ruby/lib/ruby/gems/1.8/gems/activerecord-2.0.2/lib/active_record/connection_adapters/mysql_adapter.rb:471:in `real_connect'
    c:/ruby/lib/ruby/gems/1.8/gems/activerecord-2.0.2/lib/active_record/connection_adapters/mysql_adapter.rb:471:in `connect'
    c:/ruby/lib/ruby/gems/1.8/gems/activerecord-2.0.2/lib/active_record/connection_adapters/mysql_adapter.rb:165:in `initialize'
    c:/ruby/lib/ruby/gems/1.8/gems/activerecord-2.0.2/lib/active_record/connection_adapters/mysql_adapter.rb:88:in `new'
    c:/ruby/lib/ruby/gems/1.8/gems/activerecord-2.0.2/lib/active_record/connection_adapters/mysql_adapter.rb:88:in `mysql_connection'
    c:/ruby/lib/ruby/gems/1.8/gems/activerecord-2.0.2/lib/active_record/connection_adapters/abstract/connection_specification.rb:291:in `send'
    c:/ruby/lib/ruby/gems/1.8/gems/activerecord-2.0.2/lib/active_record/connection_adapters/abstract/connection_specification.rb:291:in `connection='
    c:/ruby/lib/ruby/gems/1.8/gems/activerecord-2.0.2/lib/active_record/connection_adapters/abstract/connection_specification.rb:259:in `retrieve_connection'
    c:/ruby/lib/ruby/gems/1.8/gems/activerecord-2.0.2/lib/active_record/connection_adapters/abstract/connection_specification.rb:78:in `connection'
    c:/ruby/lib/ruby/gems/1.8/gems/activerecord-2.0.2/lib/active_record/query_cache.rb:8:in `cache'
    c:/ruby/lib/ruby/gems/1.8/gems/actionpack-2.0.2/lib/action_controller/caching.rb:677:in `perform_action'
    c:/ruby/lib/ruby/gems/1.8/gems/actionpack-2.0.2/lib/action_controller/base.rb:524:in `send'
    c:/ruby/lib/ruby/gems/1.8/gems/actionpack-2.0.2/lib/action_controller/base.rb:524:in `process_without_filters'
    c:/ruby/lib/ruby/gems/1.8/gems/actionpack-2.0.2/lib/action_controller/filters.rb:685:in `process_without_session_management_support'
    c:/ruby/lib/ruby/gems/1.8/gems/actionpack-2.0.2/lib/action_controller/session_management.rb:123:in `process'
    c:/ruby/lib/ruby/gems/1.8/gems/actionpack-2.0.2/lib/action_controller/base.rb:388:in `process'
    c:/ruby/lib/ruby/gems/1.8/gems/actionpack-2.0.2/lib/action_controller/dispatcher.rb:171:in `handle_request'
    c:/ruby/lib/ruby/gems/1.8/gems/actionpack-2.0.2/lib/action_controller/dispatcher.rb:115:in `dispatch'
    c:/ruby/lib/ruby/gems/1.8/gems/actionpack-2.0.2/lib/action_controller/dispatcher.rb:126:in `dispatch_cgi'
    c:/ruby/lib/ruby/gems/1.8/gems/actionpack-2.0.2/lib/action_controller/dispatcher.rb:9:in `dispatch'
    c:/ruby/lib/ruby/gems/1.8/gems/mongrel-1.1.5-x86-mswin32-60/bin/../lib/mongrel/rails.rb:76:in `process'
    c:/ruby/lib/ruby/gems/1.8/gems/mongrel-1.1.5-x86-mswin32-60/bin/../lib/mongrel/rails.rb:74:in `synchronize'
    c:/ruby/lib/ruby/gems/1.8/gems/mongrel-1.1.5-x86-mswin32-60/bin/../lib/mongrel/rails.rb:74:in `process'
    c:/ruby/lib/ruby/gems/1.8/gems/mongrel-1.1.5-x86-mswin32-60/lib/mongrel.rb:159:in `process_client'
    c:/ruby/lib/ruby/gems/1.8/gems/mongrel-1.1.5-x86-mswin32-60/lib/mongrel.rb:158:in `each'
    c:/ruby/lib/ruby/gems/1.8/gems/mongrel-1.1.5-x86-mswin32-60/lib/mongrel.rb:158:in `process_client'
    c:/ruby/lib/ruby/gems/1.8/gems/mongrel-1.1.5-x86-mswin32-60/lib/mongrel.rb:285:in `run'
    c:/ruby/lib/ruby/gems/1.8/gems/mongrel-1.1.5-x86-mswin32-60/lib/mongrel.rb:285:in `initialize'
    c:/ruby/lib/ruby/gems/1.8/gems/mongrel-1.1.5-x86-mswin32-60/lib/mongrel.rb:285:in `new'
    c:/ruby/lib/ruby/gems/1.8/gems/mongrel-1.1.5-x86-mswin32-60/lib/mongrel.rb:285:in `run'
    c:/ruby/lib/ruby/gems/1.8/gems/mongrel-1.1.5-x86-mswin32-60/lib/mongrel.rb:268:in `initialize'
    c:/ruby/lib/ruby/gems/1.8/gems/mongrel-1.1.5-x86-mswin32-60/lib/mongrel.rb:268:in `new'
    c:/ruby/lib/ruby/gems/1.8/gems/mongrel-1.1.5-x86-mswin32-60/lib/mongrel.rb:268:in `run'
    c:/ruby/lib/ruby/gems/1.8/gems/mongrel-1.1.5-x86-mswin32-60/lib/mongrel/configurator.rb:282:in `run'
    c:/ruby/lib/ruby/gems/1.8/gems/mongrel-1.1.5-x86-mswin32-60/lib/mongrel/configurator.rb:281:in `each'
    c:/ruby/lib/ruby/gems/1.8/gems/mongrel-1.1.5-x86-mswin32-60/lib/mongrel/configurator.rb:281:in `run'
    c:/ruby/lib/ruby/gems/1.8/gems/mongrel-1.1.5-x86-mswin32-60/bin/mongrel_rails:128:in `run'
    c:/ruby/lib/ruby/gems/1.8/gems/mongrel-1.1.5-x86-mswin32-60/lib/mongrel/command.rb:212:in `run'
    c:/ruby/lib/ruby/gems/1.8/gems/mongrel-1.1.5-x86-mswin32-60/bin/mongrel_rails:281
    c:/ruby/lib/ruby/gems/1.8/gems/activesupport-2.0.2/lib/active_support/dependencies.rb:489:in `load'
    c:/ruby/lib/ruby/gems/1.8/gems/activesupport-2.0.2/lib/active_support/dependencies.rb:489:in `load'
    c:/ruby/lib/ruby/gems/1.8/gems/activesupport-2.0.2/lib/active_support/dependencies.rb:342:in `new_constants_in'
    c:/ruby/lib/ruby/gems/1.8/gems/activesupport-2.0.2/lib/active_support/dependencies.rb:489:in `load'
    c:/ruby/lib/ruby/gems/1.8/gems/rails-2.0.2/lib/commands/servers/mongrel.rb:64
    c:/ruby/lib/ruby/site_ruby/1.8/rubygems/custom_require.rb:27:in `gem_original_require'
    c:/ruby/lib/ruby/site_ruby/1.8/rubygems/custom_require.rb:27:in `require'
    c:/ruby/lib/ruby/gems/1.8/gems/activesupport-2.0.2/lib/active_support/dependencies.rb:496:in `require'
    c:/ruby/lib/ruby/gems/1.8/gems/activesupport-2.0.2/lib/active_support/dependencies.rb:342:in `new_constants_in'
    c:/ruby/lib/ruby/gems/1.8/gems/activesupport-2.0.2/lib/active_support/dependencies.rb:496:in `require'
    c:/ruby/lib/ruby/gems/1.8/gems/rails-2.0.2/lib/commands/server.rb:39
    c:/ruby/lib/ruby/site_ruby/1.8/rubygems/custom_require.rb:27:in `gem_original_require'
    c:/ruby/lib/ruby/site_ruby/1.8/rubygems/custom_require.rb:27:in `require'
    script/server:3

Rendering c:/ruby/lib/ruby/gems/1.8/gems/actionpack-2.0.2/lib/action_controller/templates/rescues/layout.erb (internal_server_error)


Processing WeborbController#index (for 127.0.0.1 at 2008-07-24 15:01:59) [POST]
  Session ID: BAh7BiIKZmxhc2hJQzonQWN0aW9uQ29udHJvbGxlcjo6Rmxhc2g6OkZsYXNo%0ASGFzaHsABjoKQHVzZWR7AA%3D%3D--29945c7107df37d3acd8a1a17bd4700633fe6704
  Parameters: {"action"=>"index", "controller"=>"weborb"}


Processing WeborbController#index (for 127.0.0.1 at 2008-07-24 15:01:59) [POST]
  Session ID: BAh7BiIKZmxhc2hJQzonQWN0aW9uQ29udHJvbGxlcjo6Rmxhc2g6OkZsYXNo%0ASGFzaHsABjoKQHVzZWR7AA%3D%3D--29945c7107df37d3acd8a1a17bd4700633fe6704
  Parameters: {"action"=>"index", "controller"=>"weborb"}


Mysql::Error (Access denied for user 'nearbyin_admin'@'localhost' (using password: YES)):
    c:/ruby/lib/ruby/gems/1.8/gems/activerecord-2.0.2/lib/active_record/connection_adapters/mysql_adapter.rb:471:in `real_connect'
    c:/ruby/lib/ruby/gems/1.8/gems/activerecord-2.0.2/lib/active_record/connection_adapters/mysql_adapter.rb:471:in `connect'
    c:/ruby/lib/ruby/gems/1.8/gems/activerecord-2.0.2/lib/active_record/connection_adapters/mysql_adapter.rb:165:in `initialize'
    c:/ruby/lib/ruby/gems/1.8/gems/activerecord-2.0.2/lib/active_record/connection_adapters/mysql_adapter.rb:88:in `new'
    c:/ruby/lib/ruby/gems/1.8/gems/activerecord-2.0.2/lib/active_record/connection_adapters/mysql_adapter.rb:88:in `mysql_connection'
    c:/ruby/lib/ruby/gems/1.8/gems/activerecord-2.0.2/lib/active_record/connection_adapters/abstract/connection_specification.rb:291:in `send'
    c:/ruby/lib/ruby/gems/1.8/gems/activerecord-2.0.2/lib/active_record/connection_adapters/abstract/connection_specification.rb:291:in `connection='
    c:/ruby/lib/ruby/gems/1.8/gems/activerecord-2.0.2/lib/active_record/connection_adapters/abstract/connection_specification.rb:259:in `retrieve_connection'
    c:/ruby/lib/ruby/gems/1.8/gems/activerecord-2.0.2/lib/active_record/connection_adapters/abstract/connection_specification.rb:78:in `connection'
    c:/ruby/lib/ruby/gems/1.8/gems/activerecord-2.0.2/lib/active_record/query_cache.rb:8:in `cache'
    c:/ruby/lib/ruby/gems/1.8/gems/actionpack-2.0.2/lib/action_controller/caching.rb:677:in `perform_action'
    c:/ruby/lib/ruby/gems/1.8/gems/actionpack-2.0.2/lib/action_controller/base.rb:524:in `send'
    c:/ruby/lib/ruby/gems/1.8/gems/actionpack-2.0.2/lib/action_controller/base.rb:524:in `process_without_filters'
    c:/ruby/lib/ruby/gems/1.8/gems/actionpack-2.0.2/lib/action_controller/filters.rb:685:in `process_without_session_management_support'
    c:/ruby/lib/ruby/gems/1.8/gems/actionpack-2.0.2/lib/action_controller/session_management.rb:123:in `process'
    c:/ruby/lib/ruby/gems/1.8/gems/actionpack-2.0.2/lib/action_controller/base.rb:388:in `process'
    c:/ruby/lib/ruby/gems/1.8/gems/actionpack-2.0.2/lib/action_controller/dispatcher.rb:171:in `handle_request'
    c:/ruby/lib/ruby/gems/1.8/gems/actionpack-2.0.2/lib/action_controller/dispatcher.rb:115:in `dispatch'
    c:/ruby/lib/ruby/gems/1.8/gems/actionpack-2.0.2/lib/action_controller/dispatcher.rb:126:in `dispatch_cgi'
    c:/ruby/lib/ruby/gems/1.8/gems/actionpack-2.0.2/lib/action_controller/dispatcher.rb:9:in `dispatch'
    c:/ruby/lib/ruby/gems/1.8/gems/mongrel-1.1.5-x86-mswin32-60/bin/../lib/mongrel/rails.rb:76:in `process'
    c:/ruby/lib/ruby/gems/1.8/gems/mongrel-1.1.5-x86-mswin32-60/bin/../lib/mongrel/rails.rb:74:in `synchronize'
    c:/ruby/lib/ruby/gems/1.8/gems/mongrel-1.1.5-x86-mswin32-60/bin/../lib/mongrel/rails.rb:74:in `process'
    c:/ruby/lib/ruby/gems/1.8/gems/mongrel-1.1.5-x86-mswin32-60/lib/mongrel.rb:159:in `process_client'
    c:/ruby/lib/ruby/gems/1.8/gems/mongrel-1.1.5-x86-mswin32-60/lib/mongrel.rb:158:in `each'
    c:/ruby/lib/ruby/gems/1.8/gems/mongrel-1.1.5-x86-mswin32-60/lib/mongrel.rb:158:in `process_client'
    c:/ruby/lib/ruby/gems/1.8/gems/mongrel-1.1.5-x86-mswin32-60/lib/mongrel.rb:285:in `run'
    c:/ruby/lib/ruby/gems/1.8/gems/mongrel-1.1.5-x86-mswin32-60/lib/mongrel.rb:285:in `initialize'
    c:/ruby/lib/ruby/gems/1.8/gems/mongrel-1.1.5-x86-mswin32-60/lib/mongrel.rb:285:in `new'
    c:/ruby/lib/ruby/gems/1.8/gems/mongrel-1.1.5-x86-mswin32-60/lib/mongrel.rb:285:in `run'
    c:/ruby/lib/ruby/gems/1.8/gems/mongrel-1.1.5-x86-mswin32-60/lib/mongrel.rb:268:in `initialize'
    c:/ruby/lib/ruby/gems/1.8/gems/mongrel-1.1.5-x86-mswin32-60/lib/mongrel.rb:268:in `new'
    c:/ruby/lib/ruby/gems/1.8/gems/mongrel-1.1.5-x86-mswin32-60/lib/mongrel.rb:268:in `run'
    c:/ruby/lib/ruby/gems/1.8/gems/mongrel-1.1.5-x86-mswin32-60/lib/mongrel/configurator.rb:282:in `run'
    c:/ruby/lib/ruby/gems/1.8/gems/mongrel-1.1.5-x86-mswin32-60/lib/mongrel/configurator.rb:281:in `each'
    c:/ruby/lib/ruby/gems/1.8/gems/mongrel-1.1.5-x86-mswin32-60/lib/mongrel/configurator.rb:281:in `run'
    c:/ruby/lib/ruby/gems/1.8/gems/mongrel-1.1.5-x86-mswin32-60/bin/mongrel_rails:128:in `run'
    c:/ruby/lib/ruby/gems/1.8/gems/mongrel-1.1.5-x86-mswin32-60/lib/mongrel/command.rb:212:in `run'
    c:/ruby/lib/ruby/gems/1.8/gems/mongrel-1.1.5-x86-mswin32-60/bin/mongrel_rails:281
    c:/ruby/lib/ruby/gems/1.8/gems/activesupport-2.0.2/lib/active_support/dependencies.rb:489:in `load'
    c:/ruby/lib/ruby/gems/1.8/gems/activesupport-2.0.2/lib/active_support/dependencies.rb:489:in `load'
    c:/ruby/lib/ruby/gems/1.8/gems/activesupport-2.0.2/lib/active_support/dependencies.rb:342:in `new_constants_in'
    c:/ruby/lib/ruby/gems/1.8/gems/activesupport-2.0.2/lib/active_support/dependencies.rb:489:in `load'
    c:/ruby/lib/ruby/gems/1.8/gems/rails-2.0.2/lib/commands/servers/mongrel.rb:64
    c:/ruby/lib/ruby/site_ruby/1.8/rubygems/custom_require.rb:27:in `gem_original_require'
    c:/ruby/lib/ruby/site_ruby/1.8/rubygems/custom_require.rb:27:in `require'
    c:/ruby/lib/ruby/gems/1.8/gems/activesupport-2.0.2/lib/active_support/dependencies.rb:496:in `require'
    c:/ruby/lib/ruby/gems/1.8/gems/activesupport-2.0.2/lib/active_support/dependencies.rb:342:in `new_constants_in'
    c:/ruby/lib/ruby/gems/1.8/gems/activesupport-2.0.2/lib/active_support/dependencies.rb:496:in `require'
    c:/ruby/lib/ruby/gems/1.8/gems/rails-2.0.2/lib/commands/server.rb:39
    c:/ruby/lib/ruby/site_ruby/1.8/rubygems/custom_require.rb:27:in `gem_original_require'
    c:/ruby/lib/ruby/site_ruby/1.8/rubygems/custom_require.rb:27:in `require'
    script/server:3

Rendering c:/ruby/lib/ruby/gems/1.8/gems/actionpack-2.0.2/lib/action_controller/templates/rescues/layout.erb (internal_server_error)


Processing WeborbController#index (for 127.0.0.1 at 2008-07-24 15:04:25) [POST]
  Session ID: BAh7BiIKZmxhc2hJQzonQWN0aW9uQ29udHJvbGxlcjo6Rmxhc2g6OkZsYXNo%0ASGFzaHsABjoKQHVzZWR7AA%3D%3D--29945c7107df37d3acd8a1a17bd4700633fe6704
  Parameters: {"action"=>"index", "controller"=>"weborb"}


Processing WeborbController#index (for 127.0.0.1 at 2008-07-24 15:04:25) [POST]
  Session ID: BAh7BiIKZmxhc2hJQzonQWN0aW9uQ29udHJvbGxlcjo6Rmxhc2g6OkZsYXNo%0ASGFzaHsABjoKQHVzZWR7AA%3D%3D--29945c7107df37d3acd8a1a17bd4700633fe6704
  Parameters: {"action"=>"index", "controller"=>"weborb"}


Mysql::Error (Access denied for user 'root'@'localhost' (using password: YES)):
    c:/ruby/lib/ruby/gems/1.8/gems/activerecord-2.0.2/lib/active_record/connection_adapters/mysql_adapter.rb:471:in `real_connect'
    c:/ruby/lib/ruby/gems/1.8/gems/activerecord-2.0.2/lib/active_record/connection_adapters/mysql_adapter.rb:471:in `connect'
    c:/ruby/lib/ruby/gems/1.8/gems/activerecord-2.0.2/lib/active_record/connection_adapters/mysql_adapter.rb:165:in `initialize'
    c:/ruby/lib/ruby/gems/1.8/gems/activerecord-2.0.2/lib/active_record/connection_adapters/mysql_adapter.rb:88:in `new'
    c:/ruby/lib/ruby/gems/1.8/gems/activerecord-2.0.2/lib/active_record/connection_adapters/mysql_adapter.rb:88:in `mysql_connection'
    c:/ruby/lib/ruby/gems/1.8/gems/activerecord-2.0.2/lib/active_record/connection_adapters/abstract/connection_specification.rb:291:in `send'
    c:/ruby/lib/ruby/gems/1.8/gems/activerecord-2.0.2/lib/active_record/connection_adapters/abstract/connection_specification.rb:291:in `connection='
    c:/ruby/lib/ruby/gems/1.8/gems/activerecord-2.0.2/lib/active_record/connection_adapters/abstract/connection_specification.rb:259:in `retrieve_connection'
    c:/ruby/lib/ruby/gems/1.8/gems/activerecord-2.0.2/lib/active_record/connection_adapters/abstract/connection_specification.rb:78:in `connection'
    c:/ruby/lib/ruby/gems/1.8/gems/activerecord-2.0.2/lib/active_record/query_cache.rb:8:in `cache'
    c:/ruby/lib/ruby/gems/1.8/gems/actionpack-2.0.2/lib/action_controller/caching.rb:677:in `perform_action'
    c:/ruby/lib/ruby/gems/1.8/gems/actionpack-2.0.2/lib/action_controller/base.rb:524:in `send'
    c:/ruby/lib/ruby/gems/1.8/gems/actionpack-2.0.2/lib/action_controller/base.rb:524:in `process_without_filters'
    c:/ruby/lib/ruby/gems/1.8/gems/actionpack-2.0.2/lib/action_controller/filters.rb:685:in `process_without_session_management_support'
    c:/ruby/lib/ruby/gems/1.8/gems/actionpack-2.0.2/lib/action_controller/session_management.rb:123:in `process'
    c:/ruby/lib/ruby/gems/1.8/gems/actionpack-2.0.2/lib/action_controller/base.rb:388:in `process'
    c:/ruby/lib/ruby/gems/1.8/gems/actionpack-2.0.2/lib/action_controller/dispatcher.rb:171:in `handle_request'
    c:/ruby/lib/ruby/gems/1.8/gems/actionpack-2.0.2/lib/action_controller/dispatcher.rb:115:in `dispatch'
    c:/ruby/lib/ruby/gems/1.8/gems/actionpack-2.0.2/lib/action_controller/dispatcher.rb:126:in `dispatch_cgi'
    c:/ruby/lib/ruby/gems/1.8/gems/actionpack-2.0.2/lib/action_controller/dispatcher.rb:9:in `dispatch'
    c:/ruby/lib/ruby/gems/1.8/gems/mongrel-1.1.5-x86-mswin32-60/bin/../lib/mongrel/rails.rb:76:in `process'
    c:/ruby/lib/ruby/gems/1.8/gems/mongrel-1.1.5-x86-mswin32-60/bin/../lib/mongrel/rails.rb:74:in `synchronize'
    c:/ruby/lib/ruby/gems/1.8/gems/mongrel-1.1.5-x86-mswin32-60/bin/../lib/mongrel/rails.rb:74:in `process'
    c:/ruby/lib/ruby/gems/1.8/gems/mongrel-1.1.5-x86-mswin32-60/lib/mongrel.rb:159:in `process_client'
    c:/ruby/lib/ruby/gems/1.8/gems/mongrel-1.1.5-x86-mswin32-60/lib/mongrel.rb:158:in `each'
    c:/ruby/lib/ruby/gems/1.8/gems/mongrel-1.1.5-x86-mswin32-60/lib/mongrel.rb:158:in `process_client'
    c:/ruby/lib/ruby/gems/1.8/gems/mongrel-1.1.5-x86-mswin32-60/lib/mongrel.rb:285:in `run'
    c:/ruby/lib/ruby/gems/1.8/gems/mongrel-1.1.5-x86-mswin32-60/lib/mongrel.rb:285:in `initialize'
    c:/ruby/lib/ruby/gems/1.8/gems/mongrel-1.1.5-x86-mswin32-60/lib/mongrel.rb:285:in `new'
    c:/ruby/lib/ruby/gems/1.8/gems/mongrel-1.1.5-x86-mswin32-60/lib/mongrel.rb:285:in `run'
    c:/ruby/lib/ruby/gems/1.8/gems/mongrel-1.1.5-x86-mswin32-60/lib/mongrel.rb:268:in `initialize'
    c:/ruby/lib/ruby/gems/1.8/gems/mongrel-1.1.5-x86-mswin32-60/lib/mongrel.rb:268:in `new'
    c:/ruby/lib/ruby/gems/1.8/gems/mongrel-1.1.5-x86-mswin32-60/lib/mongrel.rb:268:in `run'
    c:/ruby/lib/ruby/gems/1.8/gems/mongrel-1.1.5-x86-mswin32-60/lib/mongrel/configurator.rb:282:in `run'
    c:/ruby/lib/ruby/gems/1.8/gems/mongrel-1.1.5-x86-mswin32-60/lib/mongrel/configurator.rb:281:in `each'
    c:/ruby/lib/ruby/gems/1.8/gems/mongrel-1.1.5-x86-mswin32-60/lib/mongrel/configurator.rb:281:in `run'
    c:/ruby/lib/ruby/gems/1.8/gems/mongrel-1.1.5-x86-mswin32-60/bin/mongrel_rails:128:in `run'
    c:/ruby/lib/ruby/gems/1.8/gems/mongrel-1.1.5-x86-mswin32-60/lib/mongrel/command.rb:212:in `run'
    c:/ruby/lib/ruby/gems/1.8/gems/mongrel-1.1.5-x86-mswin32-60/bin/mongrel_rails:281
    c:/ruby/lib/ruby/gems/1.8/gems/activesupport-2.0.2/lib/active_support/dependencies.rb:489:in `load'
    c:/ruby/lib/ruby/gems/1.8/gems/activesupport-2.0.2/lib/active_support/dependencies.rb:489:in `load'
    c:/ruby/lib/ruby/gems/1.8/gems/activesupport-2.0.2/lib/active_support/dependencies.rb:342:in `new_constants_in'
    c:/ruby/lib/ruby/gems/1.8/gems/activesupport-2.0.2/lib/active_support/dependencies.rb:489:in `load'
    c:/ruby/lib/ruby/gems/1.8/gems/rails-2.0.2/lib/commands/servers/mongrel.rb:64
    c:/ruby/lib/ruby/site_ruby/1.8/rubygems/custom_require.rb:27:in `gem_original_require'
    c:/ruby/lib/ruby/site_ruby/1.8/rubygems/custom_require.rb:27:in `require'
    c:/ruby/lib/ruby/gems/1.8/gems/activesupport-2.0.2/lib/active_support/dependencies.rb:496:in `require'
    c:/ruby/lib/ruby/gems/1.8/gems/activesupport-2.0.2/lib/active_support/dependencies.rb:342:in `new_constants_in'
    c:/ruby/lib/ruby/gems/1.8/gems/activesupport-2.0.2/lib/active_support/dependencies.rb:496:in `require'
    c:/ruby/lib/ruby/gems/1.8/gems/rails-2.0.2/lib/commands/server.rb:39
    c:/ruby/lib/ruby/site_ruby/1.8/rubygems/custom_require.rb:27:in `gem_original_require'
    c:/ruby/lib/ruby/site_ruby/1.8/rubygems/custom_require.rb:27:in `require'
    script/server:3

Rendering c:/ruby/lib/ruby/gems/1.8/gems/actionpack-2.0.2/lib/action_controller/templates/rescues/layout.erb (internal_server_error)


Processing WeborbController#index (for 127.0.0.1 at 2008-07-24 15:05:34) [POST]
  Session ID: BAh7BiIKZmxhc2hJQzonQWN0aW9uQ29udHJvbGxlcjo6Rmxhc2g6OkZsYXNo%0ASGFzaHsABjoKQHVzZWR7AA%3D%3D--29945c7107df37d3acd8a1a17bd4700633fe6704
  Parameters: {"action"=>"index", "controller"=>"weborb"}


Processing WeborbController#index (for 127.0.0.1 at 2008-07-24 15:05:34) [POST]
  Session ID: BAh7BiIKZmxhc2hJQzonQWN0aW9uQ29udHJvbGxlcjo6Rmxhc2g6OkZsYXNo%0ASGFzaHsABjoKQHVzZWR7AA%3D%3D--29945c7107df37d3acd8a1a17bd4700633fe6704
  Parameters: {"action"=>"index", "controller"=>"weborb"}


Mysql::Error (Access denied for user 'root'@'localhost' (using password: YES)):
    c:/ruby/lib/ruby/gems/1.8/gems/activerecord-2.0.2/lib/active_record/connection_adapters/mysql_adapter.rb:471:in `real_connect'
    c:/ruby/lib/ruby/gems/1.8/gems/activerecord-2.0.2/lib/active_record/connection_adapters/mysql_adapter.rb:471:in `connect'
    c:/ruby/lib/ruby/gems/1.8/gems/activerecord-2.0.2/lib/active_record/connection_adapters/mysql_adapter.rb:165:in `initialize'
    c:/ruby/lib/ruby/gems/1.8/gems/activerecord-2.0.2/lib/active_record/connection_adapters/mysql_adapter.rb:88:in `new'
    c:/ruby/lib/ruby/gems/1.8/gems/activerecord-2.0.2/lib/active_record/connection_adapters/mysql_adapter.rb:88:in `mysql_connection'
    c:/ruby/lib/ruby/gems/1.8/gems/activerecord-2.0.2/lib/active_record/connection_adapters/abstract/connection_specification.rb:291:in `send'
    c:/ruby/lib/ruby/gems/1.8/gems/activerecord-2.0.2/lib/active_record/connection_adapters/abstract/connection_specification.rb:291:in `connection='
    c:/ruby/lib/ruby/gems/1.8/gems/activerecord-2.0.2/lib/active_record/connection_adapters/abstract/connection_specification.rb:259:in `retrieve_connection'
    c:/ruby/lib/ruby/gems/1.8/gems/activerecord-2.0.2/lib/active_record/connection_adapters/abstract/connection_specification.rb:78:in `connection'
    c:/ruby/lib/ruby/gems/1.8/gems/activerecord-2.0.2/lib/active_record/query_cache.rb:8:in `cache'
    c:/ruby/lib/ruby/gems/1.8/gems/actionpack-2.0.2/lib/action_controller/caching.rb:677:in `perform_action'
    c:/ruby/lib/ruby/gems/1.8/gems/actionpack-2.0.2/lib/action_controller/base.rb:524:in `send'
    c:/ruby/lib/ruby/gems/1.8/gems/actionpack-2.0.2/lib/action_controller/base.rb:524:in `process_without_filters'
    c:/ruby/lib/ruby/gems/1.8/gems/actionpack-2.0.2/lib/action_controller/filters.rb:685:in `process_without_session_management_support'
    c:/ruby/lib/ruby/gems/1.8/gems/actionpack-2.0.2/lib/action_controller/session_management.rb:123:in `process'
    c:/ruby/lib/ruby/gems/1.8/gems/actionpack-2.0.2/lib/action_controller/base.rb:388:in `process'
    c:/ruby/lib/ruby/gems/1.8/gems/actionpack-2.0.2/lib/action_controller/dispatcher.rb:171:in `handle_request'
    c:/ruby/lib/ruby/gems/1.8/gems/actionpack-2.0.2/lib/action_controller/dispatcher.rb:115:in `dispatch'
    c:/ruby/lib/ruby/gems/1.8/gems/actionpack-2.0.2/lib/action_controller/dispatcher.rb:126:in `dispatch_cgi'
    c:/ruby/lib/ruby/gems/1.8/gems/actionpack-2.0.2/lib/action_controller/dispatcher.rb:9:in `dispatch'
    c:/ruby/lib/ruby/gems/1.8/gems/mongrel-1.1.5-x86-mswin32-60/bin/../lib/mongrel/rails.rb:76:in `process'
    c:/ruby/lib/ruby/gems/1.8/gems/mongrel-1.1.5-x86-mswin32-60/bin/../lib/mongrel/rails.rb:74:in `synchronize'
    c:/ruby/lib/ruby/gems/1.8/gems/mongrel-1.1.5-x86-mswin32-60/bin/../lib/mongrel/rails.rb:74:in `process'
    c:/ruby/lib/ruby/gems/1.8/gems/mongrel-1.1.5-x86-mswin32-60/lib/mongrel.rb:159:in `process_client'
    c:/ruby/lib/ruby/gems/1.8/gems/mongrel-1.1.5-x86-mswin32-60/lib/mongrel.rb:158:in `each'
    c:/ruby/lib/ruby/gems/1.8/gems/mongrel-1.1.5-x86-mswin32-60/lib/mongrel.rb:158:in `process_client'
    c:/ruby/lib/ruby/gems/1.8/gems/mongrel-1.1.5-x86-mswin32-60/lib/mongrel.rb:285:in `run'
    c:/ruby/lib/ruby/gems/1.8/gems/mongrel-1.1.5-x86-mswin32-60/lib/mongrel.rb:285:in `initialize'
    c:/ruby/lib/ruby/gems/1.8/gems/mongrel-1.1.5-x86-mswin32-60/lib/mongrel.rb:285:in `new'
    c:/ruby/lib/ruby/gems/1.8/gems/mongrel-1.1.5-x86-mswin32-60/lib/mongrel.rb:285:in `run'
    c:/ruby/lib/ruby/gems/1.8/gems/mongrel-1.1.5-x86-mswin32-60/lib/mongrel.rb:268:in `initialize'
    c:/ruby/lib/ruby/gems/1.8/gems/mongrel-1.1.5-x86-mswin32-60/lib/mongrel.rb:268:in `new'
    c:/ruby/lib/ruby/gems/1.8/gems/mongrel-1.1.5-x86-mswin32-60/lib/mongrel.rb:268:in `run'
    c:/ruby/lib/ruby/gems/1.8/gems/mongrel-1.1.5-x86-mswin32-60/lib/mongrel/configurator.rb:282:in `run'
    c:/ruby/lib/ruby/gems/1.8/gems/mongrel-1.1.5-x86-mswin32-60/lib/mongrel/configurator.rb:281:in `each'
    c:/ruby/lib/ruby/gems/1.8/gems/mongrel-1.1.5-x86-mswin32-60/lib/mongrel/configurator.rb:281:in `run'
    c:/ruby/lib/ruby/gems/1.8/gems/mongrel-1.1.5-x86-mswin32-60/bin/mongrel_rails:128:in `run'
    c:/ruby/lib/ruby/gems/1.8/gems/mongrel-1.1.5-x86-mswin32-60/lib/mongrel/command.rb:212:in `run'
    c:/ruby/lib/ruby/gems/1.8/gems/mongrel-1.1.5-x86-mswin32-60/bin/mongrel_rails:281
    c:/ruby/lib/ruby/gems/1.8/gems/activesupport-2.0.2/lib/active_support/dependencies.rb:489:in `load'
    c:/ruby/lib/ruby/gems/1.8/gems/activesupport-2.0.2/lib/active_support/dependencies.rb:489:in `load'
    c:/ruby/lib/ruby/gems/1.8/gems/activesupport-2.0.2/lib/active_support/dependencies.rb:342:in `new_constants_in'
    c:/ruby/lib/ruby/gems/1.8/gems/activesupport-2.0.2/lib/active_support/dependencies.rb:489:in `load'
    c:/ruby/lib/ruby/gems/1.8/gems/rails-2.0.2/lib/commands/servers/mongrel.rb:64
    c:/ruby/lib/ruby/site_ruby/1.8/rubygems/custom_require.rb:27:in `gem_original_require'
    c:/ruby/lib/ruby/site_ruby/1.8/rubygems/custom_require.rb:27:in `require'
    c:/ruby/lib/ruby/gems/1.8/gems/activesupport-2.0.2/lib/active_support/dependencies.rb:496:in `require'
    c:/ruby/lib/ruby/gems/1.8/gems/activesupport-2.0.2/lib/active_support/dependencies.rb:342:in `new_constants_in'
    c:/ruby/lib/ruby/gems/1.8/gems/activesupport-2.0.2/lib/active_support/dependencies.rb:496:in `require'
    c:/ruby/lib/ruby/gems/1.8/gems/rails-2.0.2/lib/commands/server.rb:39
    c:/ruby/lib/ruby/site_ruby/1.8/rubygems/custom_require.rb:27:in `gem_original_require'
    c:/ruby/lib/ruby/site_ruby/1.8/rubygems/custom_require.rb:27:in `require'
    script/server:3

Rendering c:/ruby/lib/ruby/gems/1.8/gems/actionpack-2.0.2/lib/action_controller/templates/rescues/layout.erb (internal_server_error)


Processing WeborbController#index (for 127.0.0.1 at 2008-07-24 15:08:01) [POST]
  Session ID: BAh7BiIKZmxhc2hJQzonQWN0aW9uQ29udHJvbGxlcjo6Rmxhc2g6OkZsYXNo%0ASGFzaHsABjoKQHVzZWR7AA%3D%3D--29945c7107df37d3acd8a1a17bd4700633fe6704
  Parameters: {"action"=>"index", "controller"=>"weborb"}


ActionController::InvalidAuthenticityToken (ActionController::InvalidAuthenticityToken):
    c:/ruby/lib/ruby/gems/1.8/gems/actionpack-2.0.2/lib/action_controller/request_forgery_protection.rb:79:in `verify_authenticity_token'
    c:/ruby/lib/ruby/gems/1.8/gems/actionpack-2.0.2/lib/action_controller/filters.rb:469:in `send!'
    c:/ruby/lib/ruby/gems/1.8/gems/actionpack-2.0.2/lib/action_controller/filters.rb:469:in `call'
    c:/ruby/lib/ruby/gems/1.8/gems/actionpack-2.0.2/lib/action_controller/filters.rb:441:in `run'
    c:/ruby/lib/ruby/gems/1.8/gems/actionpack-2.0.2/lib/action_controller/filters.rb:716:in `run_before_filters'
    c:/ruby/lib/ruby/gems/1.8/gems/actionpack-2.0.2/lib/action_controller/filters.rb:695:in `call_filters'
    c:/ruby/lib/ruby/gems/1.8/gems/actionpack-2.0.2/lib/action_controller/filters.rb:689:in `perform_action_without_benchmark'
    c:/ruby/lib/ruby/gems/1.8/gems/actionpack-2.0.2/lib/action_controller/benchmarking.rb:68:in `perform_action_without_rescue'
    c:/ruby/lib/ruby/1.8/benchmark.rb:293:in `measure'
    c:/ruby/lib/ruby/gems/1.8/gems/actionpack-2.0.2/lib/action_controller/benchmarking.rb:68:in `perform_action_without_rescue'
    c:/ruby/lib/ruby/gems/1.8/gems/actionpack-2.0.2/lib/action_controller/rescue.rb:199:in `perform_action_without_caching'
    c:/ruby/lib/ruby/gems/1.8/gems/actionpack-2.0.2/lib/action_controller/caching.rb:678:in `perform_action'
    c:/ruby/lib/ruby/gems/1.8/gems/activerecord-2.0.2/lib/active_record/connection_adapters/abstract/query_cache.rb:33:in `cache'
    c:/ruby/lib/ruby/gems/1.8/gems/activerecord-2.0.2/lib/active_record/query_cache.rb:8:in `cache'
    c:/ruby/lib/ruby/gems/1.8/gems/actionpack-2.0.2/lib/action_controller/caching.rb:677:in `perform_action'
    c:/ruby/lib/ruby/gems/1.8/gems/actionpack-2.0.2/lib/action_controller/base.rb:524:in `send'
    c:/ruby/lib/ruby/gems/1.8/gems/actionpack-2.0.2/lib/action_controller/base.rb:524:in `process_without_filters'
    c:/ruby/lib/ruby/gems/1.8/gems/actionpack-2.0.2/lib/action_controller/filters.rb:685:in `process_without_session_management_support'
    c:/ruby/lib/ruby/gems/1.8/gems/actionpack-2.0.2/lib/action_controller/session_management.rb:123:in `process'
    c:/ruby/lib/ruby/gems/1.8/gems/actionpack-2.0.2/lib/action_controller/base.rb:388:in `process'
    c:/ruby/lib/ruby/gems/1.8/gems/actionpack-2.0.2/lib/action_controller/dispatcher.rb:171:in `handle_request'
    c:/ruby/lib/ruby/gems/1.8/gems/actionpack-2.0.2/lib/action_controller/dispatcher.rb:115:in `dispatch'
    c:/ruby/lib/ruby/gems/1.8/gems/actionpack-2.0.2/lib/action_controller/dispatcher.rb:126:in `dispatch_cgi'
    c:/ruby/lib/ruby/gems/1.8/gems/actionpack-2.0.2/lib/action_controller/dispatcher.rb:9:in `dispatch'
    c:/ruby/lib/ruby/gems/1.8/gems/mongrel-1.1.5-x86-mswin32-60/bin/../lib/mongrel/rails.rb:76:in `process'
    c:/ruby/lib/ruby/gems/1.8/gems/mongrel-1.1.5-x86-mswin32-60/bin/../lib/mongrel/rails.rb:74:in `synchronize'
    c:/ruby/lib/ruby/gems/1.8/gems/mongrel-1.1.5-x86-mswin32-60/bin/../lib/mongrel/rails.rb:74:in `process'
    c:/ruby/lib/ruby/gems/1.8/gems/mongrel-1.1.5-x86-mswin32-60/lib/mongrel.rb:159:in `process_client'
    c:/ruby/lib/ruby/gems/1.8/gems/mongrel-1.1.5-x86-mswin32-60/lib/mongrel.rb:158:in `each'
    c:/ruby/lib/ruby/gems/1.8/gems/mongrel-1.1.5-x86-mswin32-60/lib/mongrel.rb:158:in `process_client'
    c:/ruby/lib/ruby/gems/1.8/gems/mongrel-1.1.5-x86-mswin32-60/lib/mongrel.rb:285:in `run'
    c:/ruby/lib/ruby/gems/1.8/gems/mongrel-1.1.5-x86-mswin32-60/lib/mongrel.rb:285:in `initialize'
    c:/ruby/lib/ruby/gems/1.8/gems/mongrel-1.1.5-x86-mswin32-60/lib/mongrel.rb:285:in `new'
    c:/ruby/lib/ruby/gems/1.8/gems/mongrel-1.1.5-x86-mswin32-60/lib/mongrel.rb:285:in `run'
    c:/ruby/lib/ruby/gems/1.8/gems/mongrel-1.1.5-x86-mswin32-60/lib/mongrel.rb:268:in `initialize'
    c:/ruby/lib/ruby/gems/1.8/gems/mongrel-1.1.5-x86-mswin32-60/lib/mongrel.rb:268:in `new'
    c:/ruby/lib/ruby/gems/1.8/gems/mongrel-1.1.5-x86-mswin32-60/lib/mongrel.rb:268:in `run'
    c:/ruby/lib/ruby/gems/1.8/gems/mongrel-1.1.5-x86-mswin32-60/lib/mongrel/configurator.rb:282:in `run'
    c:/ruby/lib/ruby/gems/1.8/gems/mongrel-1.1.5-x86-mswin32-60/lib/mongrel/configurator.rb:281:in `each'
    c:/ruby/lib/ruby/gems/1.8/gems/mongrel-1.1.5-x86-mswin32-60/lib/mongrel/configurator.rb:281:in `run'
    c:/ruby/lib/ruby/gems/1.8/gems/mongrel-1.1.5-x86-mswin32-60/bin/mongrel_rails:128:in `run'
    c:/ruby/lib/ruby/gems/1.8/gems/mongrel-1.1.5-x86-mswin32-60/lib/mongrel/command.rb:212:in `run'
    c:/ruby/lib/ruby/gems/1.8/gems/mongrel-1.1.5-x86-mswin32-60/bin/mongrel_rails:281
    c:/ruby/lib/ruby/gems/1.8/gems/activesupport-2.0.2/lib/active_support/dependencies.rb:489:in `load'
    c:/ruby/lib/ruby/gems/1.8/gems/activesupport-2.0.2/lib/active_support/dependencies.rb:489:in `load'
    c:/ruby/lib/ruby/gems/1.8/gems/activesupport-2.0.2/lib/active_support/dependencies.rb:342:in `new_constants_in'
    c:/ruby/lib/ruby/gems/1.8/gems/activesupport-2.0.2/lib/active_support/dependencies.rb:489:in `load'
    c:/ruby/lib/ruby/gems/1.8/gems/rails-2.0.2/lib/commands/servers/mongrel.rb:64
    c:/ruby/lib/ruby/site_ruby/1.8/rubygems/custom_require.rb:27:in `gem_original_require'
    c:/ruby/lib/ruby/site_ruby/1.8/rubygems/custom_require.rb:27:in `require'
    c:/ruby/lib/ruby/gems/1.8/gems/activesupport-2.0.2/lib/active_support/dependencies.rb:496:in `require'
    c:/ruby/lib/ruby/gems/1.8/gems/activesupport-2.0.2/lib/active_support/dependencies.rb:342:in `new_constants_in'
    c:/ruby/lib/ruby/gems/1.8/gems/activesupport-2.0.2/lib/active_support/dependencies.rb:496:in `require'
    c:/ruby/lib/ruby/gems/1.8/gems/rails-2.0.2/lib/commands/server.rb:39
    c:/ruby/lib/ruby/site_ruby/1.8/rubygems/custom_require.rb:27:in `gem_original_require'
    c:/ruby/lib/ruby/site_ruby/1.8/rubygems/custom_require.rb:27:in `require'
    script/server:3

Rendering c:/ruby/lib/ruby/gems/1.8/gems/actionpack-2.0.2/lib/action_controller/templates/rescues/layout.erb (unprocessable_entity)
