# Logfile created on Sun Nov 18 18:06:11 -0800 2007

Processing TasksController#show (for 127.0.0.1 at 2007-11-18 18:06:19) [GET]
  Session ID: BAh7ByIKZmxhc2hJQzonQWN0aW9uQ29udHJvbGxlcjo6Rmxhc2g6OkZsYXNo%0ASGFzaHsABjoKQHVzZWR7ADoJdXNlcmkI--dba5de8f8fd1f3acf42368b0e55991961c0a6c0d
  Parameters: {"action"=>"show", "id"=>"hello", "controller"=>"tasks"}
WARNING: You're using the Ruby-based MySQL library that ships with Rails. This library is not suited for production. Please install the C-based MySQL library instead (gem install mysql).
  [4;36;1mSQL (0.000000)[0m   [0;1mSET NAMES 'utf8'[0m
  [4;35;1mSQL (0.000000)[0m   [0mSET SQL_AUTO_IS_NULL=0[0m
  [4;36;1mUser Columns (0.188000)[0m   [0;1mSHOW FIELDS FROM `users`[0m
  [4;35;1mUser Load (0.046000)[0m   [0mSELECT * FROM `users` WHERE (`users`.`id` = 3) LIMIT 1[0m
  [4;36;1mTask Columns (0.079000)[0m   [0;1mSHOW FIELDS FROM `tasks`[0m
  [4;35;1mTask Load (0.000000)[0m   [0mSELECT * FROM `tasks` WHERE (`tasks`.`id` = 0 AND (tasks.user_id = 3)) [0m
TasksController#prevent_access: Couldn't find Task with ID=hello AND (tasks.user_id = 3)
Redirected to http://localhost:3000/tasks
Completed in 0.34400 (2 reqs/sec) | DB: 0.31300 (90%) | 302 Found [http://localhost/tasks/hello]


Processing TasksController#index (for 127.0.0.1 at 2007-11-18 18:06:20) [GET]
  Session ID: BAh7ByIKZmxhc2hJQzonQWN0aW9uQ29udHJvbGxlcjo6Rmxhc2g6OkZsYXNo%0ASGFzaHsABjoKQHVzZWR7ADoJdXNlcmkI--dba5de8f8fd1f3acf42368b0e55991961c0a6c0d
  Parameters: {"action"=>"index", "controller"=>"tasks"}
  [4;36;1mUser Columns (0.015000)[0m   [0;1mSHOW FIELDS FROM `users`[0m
  [4;35;1mUser Load (0.016000)[0m   [0mSELECT * FROM `users` WHERE (`users`.`id` = 3) LIMIT 1[0m
Rendering template within layouts/tasks
Rendering tasks/index
  [4;36;1mTask Load (0.000000)[0m   [0;1mSELECT * FROM `tasks` WHERE (tasks.user_id = 3) [0m
  [4;35;1mTask Columns (0.000000)[0m   [0mSHOW FIELDS FROM `tasks`[0m
Completed in 0.21900 (4 reqs/sec) | Rendering: 0.03100 (14%) | DB: 0.03100 (14%) | 200 OK [http://localhost/tasks]
HelloController: missing default helper path hello_helper


Processing HelloController#sayhello (for 127.0.0.1 at 2007-11-18 18:08:26) [GET]
  Session ID: BAh7CDoMY3NyZl9pZCIlMWU3M2E5NDUyMjNhM2RmNTMzMDFiODdiOWU1MTcw%0ANDciCmZsYXNoSUM6J0FjdGlvbkNvbnRyb2xsZXI6OkZsYXNoOjpGbGFzaEhh%0Ac2h7AAY6CkB1c2VkewA6CXVzZXJpCA%3D%3D--462610c67425ee0f69edeefc3479365727e54297
  Parameters: {"action"=>"sayhello", "controller"=>"hello"}
WARNING: You're using the Ruby-based MySQL library that ships with Rails. This library is not suited for production. Please install the C-based MySQL library instead (gem install mysql).
  [4;36;1mSQL (0.000000)[0m   [0;1mSET NAMES 'utf8'[0m
  [4;35;1mSQL (0.000000)[0m   [0mSET SQL_AUTO_IS_NULL=0[0m
  [4;36;1mUser Columns (0.000000)[0m   [0;1mSHOW FIELDS FROM `users`[0m
  [4;35;1mUser Load (0.031000)[0m   [0mSELECT * FROM `users` WHERE (`users`.`id` = 3) LIMIT 1[0m
Completed in 0.06200 (16 reqs/sec) | DB: 0.00000 (0%) |  [http://localhost/hello/sayhello]
HelloController: missing default helper path hello_helper


Processing HelloController#sayhello (for 127.0.0.1 at 2007-11-18 18:08:36) [GET]
  Session ID: BAh7CDoMY3NyZl9pZCIlMWU3M2E5NDUyMjNhM2RmNTMzMDFiODdiOWU1MTcw%0ANDciCmZsYXNoSUM6J0FjdGlvbkNvbnRyb2xsZXI6OkZsYXNoOjpGbGFzaEhh%0Ac2h7AAY6CkB1c2VkewA6CXVzZXJpCA%3D%3D--462610c67425ee0f69edeefc3479365727e54297
  Parameters: {"action"=>"sayhello", "controller"=>"hello"}
  [4;36;1mUser Columns (0.016000)[0m   [0;1mSHOW FIELDS FROM `users`[0m
  [4;35;1mUser Load (0.000000)[0m   [0mSELECT * FROM `users` WHERE (`users`.`id` = 3) LIMIT 1[0m
Completed in 0.03200 (31 reqs/sec) | DB: 0.00000 (0%) |  [http://localhost/hello/sayhello]
HelloController: missing default helper path hello_helper


Processing HelloController#sayhello (for 127.0.0.1 at 2007-11-18 18:08:43) [GET]
  Session ID: BAh7CDoMY3NyZl9pZCIlMWU3M2E5NDUyMjNhM2RmNTMzMDFiODdiOWU1MTcw%0ANDciCmZsYXNoSUM6J0FjdGlvbkNvbnRyb2xsZXI6OkZsYXNoOjpGbGFzaEhh%0Ac2h7AAY6CkB1c2VkewA6CXVzZXJpCA%3D%3D--462610c67425ee0f69edeefc3479365727e54297
  Parameters: {"action"=>"sayhello", "controller"=>"hello"}
  [4;36;1mUser Columns (0.000000)[0m   [0;1mSHOW FIELDS FROM `users`[0m
  [4;35;1mUser Load (0.000000)[0m   [0mSELECT * FROM `users` WHERE (`users`.`id` = 3) LIMIT 1[0m
Completed in 0.04700 (21 reqs/sec) | DB: 0.00000 (0%) |  [http://localhost/hello/sayhello]
HelloController: missing default helper path hello_helper


Processing HelloController#sayhello (for 127.0.0.1 at 2007-11-18 18:19:11) [GET]
  Session ID: 53f6c3cc1f714b303cd0b7560624e4cf
  Parameters: {"action"=>"sayhello", "controller"=>"hello"}
WARNING: You're using the Ruby-based MySQL library that ships with Rails. This library is not suited for production. Please install the C-based MySQL library instead (gem install mysql).
  [4;36;1mSQL (0.000000)[0m   [0;1mSET NAMES 'utf8'[0m
  [4;35;1mSQL (0.000000)[0m   [0mSET SQL_AUTO_IS_NULL=0[0m
Redirected to http://localhost:3000/session/new
Filter chain halted as [#<ActionController::Filters::ClassMethods::SymbolFilter:0x3f7fdac @filter=:login_required>] rendered_or_redirected.
Completed in 0.00010 (10000 reqs/sec) | DB: 0.00000 (0%) | 302 Found [http://localhost/hello/sayhello]
HelloController: missing default helper path hello_helper


Processing HelloController#sayhello (for 127.0.0.1 at 2007-11-18 18:19:53) [GET]
  Session ID: 0c31df1f048601bf93531c4c2dd9e950
  Parameters: {"action"=>"sayhello", "controller"=>"hello"}
Completed in 0.00010 (10000 reqs/sec) | DB: 0.00000 (0%) |  [http://localhost/hello/sayhello]
HelloController: missing default helper path hello_helper


Processing HelloController#sayhello (for 127.0.0.1 at 2007-11-18 18:20:15) [GET]
  Session ID: c2bd276c875a18505019845b9e69da79
  Parameters: {"action"=>"sayhello", "controller"=>"hello"}
Completed in 0.00010 (10000 reqs/sec) | Rendering: 0.00000 (0%) | DB: 0.00000 (0%) | 200 OK [http://localhost/hello/sayhello]
HelloController: missing default helper path hello_helper


Processing HelloController#sayhello (for 127.0.0.1 at 2007-11-18 18:20:23) [GET]
  Session ID: 616359e8416d692384718a74304b73ae
  Parameters: {"action"=>"sayhello", "controller"=>"hello"}
Completed in 0.01600 (62 reqs/sec) | DB: 0.00000 (0%) |  [http://localhost/hello/sayhello]


Processing ApplicationController#index (for 127.0.0.1 at 2007-11-18 18:44:00) [GET]
  Session ID: BAh7CDoMY3NyZl9pZCIlMWU3M2E5NDUyMjNhM2RmNTMzMDFiODdiOWU1MTcw%0ANDciCmZsYXNoSUM6J0FjdGlvbkNvbnRyb2xsZXI6OkZsYXNoOjpGbGFzaEhh%0Ac2h7AAY6CkB1c2VkewA6CXVzZXJpCA%3D%3D--462610c67425ee0f69edeefc3479365727e54297
  Parameters: {}


ActionController::RoutingError (No route matches "/Pomodo.swf" with {:method=>:get}):
    /vendor/rails/actionpack/lib/action_controller/routing.rb:1432:in `recognize_path'
    /vendor/rails/actionpack/lib/action_controller/routing.rb:1415:in `recognize'
    /vendor/rails/actionpack/lib/action_controller/dispatcher.rb:170:in `handle_request'
    /vendor/rails/actionpack/lib/action_controller/dispatcher.rb:115:in `dispatch'
    /vendor/rails/actionpack/lib/action_controller/dispatcher.rb:126:in `dispatch_cgi'
    /vendor/rails/actionpack/lib/action_controller/dispatcher.rb:9:in `dispatch'
    /vendor/rails/railties/lib/webrick_server.rb:112:in `handle_dispatch'
    /vendor/rails/railties/lib/webrick_server.rb:78:in `service'
    c:/ruby/lib/ruby/1.8/webrick/httpserver.rb:104:in `service'
    c:/ruby/lib/ruby/1.8/webrick/httpserver.rb:65:in `run'
    c:/ruby/lib/ruby/1.8/webrick/server.rb:173:in `start_thread'
    c:/ruby/lib/ruby/1.8/webrick/server.rb:162:in `start'
    c:/ruby/lib/ruby/1.8/webrick/server.rb:162:in `start_thread'
    c:/ruby/lib/ruby/1.8/webrick/server.rb:95:in `start'
    c:/ruby/lib/ruby/1.8/webrick/server.rb:92:in `each'
    c:/ruby/lib/ruby/1.8/webrick/server.rb:92:in `start'
    c:/ruby/lib/ruby/1.8/webrick/server.rb:23:in `start'
    c:/ruby/lib/ruby/1.8/webrick/server.rb:82:in `start'
    /vendor/rails/railties/lib/webrick_server.rb:62:in `dispatch'
    /vendor/rails/railties/lib/commands/servers/webrick.rb:66
    c:/ruby/lib/ruby/site_ruby/1.8/rubygems/custom_require.rb:27:in `gem_original_require'
    c:/ruby/lib/ruby/site_ruby/1.8/rubygems/custom_require.rb:27:in `require'
    /vendor/rails/activesupport/lib/active_support/dependencies.rb:496:in `require'
    /vendor/rails/activesupport/lib/active_support/dependencies.rb:342:in `new_constants_in'
    /vendor/rails/activesupport/lib/active_support/dependencies.rb:496:in `require'
    /vendor/rails/railties/lib/commands/server.rb:39
    c:/ruby/lib/ruby/site_ruby/1.8/rubygems/custom_require.rb:27:in `gem_original_require'
    c:/ruby/lib/ruby/site_ruby/1.8/rubygems/custom_require.rb:27:in `require'
    script/server:3

Rendering c:/peter/flexiblerails/current/pomodo/vendor/rails/actionpack/lib/action_controller/templates/rescues/layout.erb (not_found)


Processing ApplicationController#index (for 127.0.0.1 at 2007-11-18 18:44:12) [GET]
  Session ID: BAh7CDoMY3NyZl9pZCIlMWU3M2E5NDUyMjNhM2RmNTMzMDFiODdiOWU1MTcw%0ANDciCmZsYXNoSUM6J0FjdGlvbkNvbnRyb2xsZXI6OkZsYXNoOjpGbGFzaEhh%0Ac2h7AAY6CkB1c2VkewA6CXVzZXJpCA%3D%3D--462610c67425ee0f69edeefc3479365727e54297
  Parameters: {}


ActionController::RoutingError (No route matches "/bin/Pomodo.html" with {:method=>:get}):
    /vendor/rails/actionpack/lib/action_controller/routing.rb:1432:in `recognize_path'
    /vendor/rails/actionpack/lib/action_controller/routing.rb:1415:in `recognize'
    /vendor/rails/actionpack/lib/action_controller/dispatcher.rb:170:in `handle_request'
    /vendor/rails/actionpack/lib/action_controller/dispatcher.rb:115:in `dispatch'
    /vendor/rails/actionpack/lib/action_controller/dispatcher.rb:126:in `dispatch_cgi'
    /vendor/rails/actionpack/lib/action_controller/dispatcher.rb:9:in `dispatch'
    /vendor/rails/railties/lib/webrick_server.rb:112:in `handle_dispatch'
    /vendor/rails/railties/lib/webrick_server.rb:78:in `service'
    c:/ruby/lib/ruby/1.8/webrick/httpserver.rb:104:in `service'
    c:/ruby/lib/ruby/1.8/webrick/httpserver.rb:65:in `run'
    c:/ruby/lib/ruby/1.8/webrick/server.rb:173:in `start_thread'
    c:/ruby/lib/ruby/1.8/webrick/server.rb:162:in `start'
    c:/ruby/lib/ruby/1.8/webrick/server.rb:162:in `start_thread'
    c:/ruby/lib/ruby/1.8/webrick/server.rb:95:in `start'
    c:/ruby/lib/ruby/1.8/webrick/server.rb:92:in `each'
    c:/ruby/lib/ruby/1.8/webrick/server.rb:92:in `start'
    c:/ruby/lib/ruby/1.8/webrick/server.rb:23:in `start'
    c:/ruby/lib/ruby/1.8/webrick/server.rb:82:in `start'
    /vendor/rails/railties/lib/webrick_server.rb:62:in `dispatch'
    /vendor/rails/railties/lib/commands/servers/webrick.rb:66
    c:/ruby/lib/ruby/site_ruby/1.8/rubygems/custom_require.rb:27:in `gem_original_require'
    c:/ruby/lib/ruby/site_ruby/1.8/rubygems/custom_require.rb:27:in `require'
    /vendor/rails/activesupport/lib/active_support/dependencies.rb:496:in `require'
    /vendor/rails/activesupport/lib/active_support/dependencies.rb:342:in `new_constants_in'
    /vendor/rails/activesupport/lib/active_support/dependencies.rb:496:in `require'
    /vendor/rails/railties/lib/commands/server.rb:39
    c:/ruby/lib/ruby/site_ruby/1.8/rubygems/custom_require.rb:27:in `gem_original_require'
    c:/ruby/lib/ruby/site_ruby/1.8/rubygems/custom_require.rb:27:in `require'
    script/server:3

Rendering c:/peter/flexiblerails/current/pomodo/vendor/rails/actionpack/lib/action_controller/templates/rescues/layout.erb (not_found)


Processing ApplicationController#index (for 127.0.0.1 at 2007-11-18 18:44:17) [GET]
  Session ID: BAh7CDoMY3NyZl9pZCIlMWU3M2E5NDUyMjNhM2RmNTMzMDFiODdiOWU1MTcw%0ANDciCmZsYXNoSUM6J0FjdGlvbkNvbnRyb2xsZXI6OkZsYXNoOjpGbGFzaEhh%0Ac2h7AAY6CkB1c2VkewA6CXVzZXJpCA%3D%3D--462610c67425ee0f69edeefc3479365727e54297
  Parameters: {}


ActionController::RoutingError (No route matches "/Pomodo.html" with {:method=>:get}):
    /vendor/rails/actionpack/lib/action_controller/routing.rb:1432:in `recognize_path'
    /vendor/rails/actionpack/lib/action_controller/routing.rb:1415:in `recognize'
    /vendor/rails/actionpack/lib/action_controller/dispatcher.rb:170:in `handle_request'
    /vendor/rails/actionpack/lib/action_controller/dispatcher.rb:115:in `dispatch'
    /vendor/rails/actionpack/lib/action_controller/dispatcher.rb:126:in `dispatch_cgi'
    /vendor/rails/actionpack/lib/action_controller/dispatcher.rb:9:in `dispatch'
    /vendor/rails/railties/lib/webrick_server.rb:112:in `handle_dispatch'
    /vendor/rails/railties/lib/webrick_server.rb:78:in `service'
    c:/ruby/lib/ruby/1.8/webrick/httpserver.rb:104:in `service'
    c:/ruby/lib/ruby/1.8/webrick/httpserver.rb:65:in `run'
    c:/ruby/lib/ruby/1.8/webrick/server.rb:173:in `start_thread'
    c:/ruby/lib/ruby/1.8/webrick/server.rb:162:in `start'
    c:/ruby/lib/ruby/1.8/webrick/server.rb:162:in `start_thread'
    c:/ruby/lib/ruby/1.8/webrick/server.rb:95:in `start'
    c:/ruby/lib/ruby/1.8/webrick/server.rb:92:in `each'
    c:/ruby/lib/ruby/1.8/webrick/server.rb:92:in `start'
    c:/ruby/lib/ruby/1.8/webrick/server.rb:23:in `start'
    c:/ruby/lib/ruby/1.8/webrick/server.rb:82:in `start'
    /vendor/rails/railties/lib/webrick_server.rb:62:in `dispatch'
    /vendor/rails/railties/lib/commands/servers/webrick.rb:66
    c:/ruby/lib/ruby/site_ruby/1.8/rubygems/custom_require.rb:27:in `gem_original_require'
    c:/ruby/lib/ruby/site_ruby/1.8/rubygems/custom_require.rb:27:in `require'
    /vendor/rails/activesupport/lib/active_support/dependencies.rb:496:in `require'
    /vendor/rails/activesupport/lib/active_support/dependencies.rb:342:in `new_constants_in'
    /vendor/rails/activesupport/lib/active_support/dependencies.rb:496:in `require'
    /vendor/rails/railties/lib/commands/server.rb:39
    c:/ruby/lib/ruby/site_ruby/1.8/rubygems/custom_require.rb:27:in `gem_original_require'
    c:/ruby/lib/ruby/site_ruby/1.8/rubygems/custom_require.rb:27:in `require'
    script/server:3

Rendering c:/peter/flexiblerails/current/pomodo/vendor/rails/actionpack/lib/action_controller/templates/rescues/layout.erb (not_found)


Processing RubyamfController#gateway (for 127.0.0.1 at 2007-11-18 18:49:29) [POST]
  Session ID: f8f4bcc929ccf56bde5979f2ab61aa79
  Parameters: {"action"=>"gateway", "controller"=>"rubyamf"}
WARNING: You're using the Ruby-based MySQL library that ships with Rails. This library is not suited for production. Please install the C-based MySQL library instead (gem install mysql).
  [4;36;1mSQL (0.000000)[0m   [0;1mSET NAMES 'utf8'[0m
  [4;35;1mSQL (0.000000)[0m   [0mSET SQL_AUTO_IS_NULL=0[0m
Sending data 
Completed in 0.01500 (66 reqs/sec) | Rendering: 0.00000 (0%) | DB: 0.00000 (0%) | 200 OK [http://localhost/rubyamf/gateway]


Processing RubyamfController#gateway (for 127.0.0.1 at 2007-11-18 18:49:30) [POST]
  Session ID: BAh7BiIKZmxhc2hJQzonQWN0aW9uQ29udHJvbGxlcjo6Rmxhc2g6OkZsYXNo%0ASGFzaHsABjoKQHVzZWR7AA%3D%3D--f532308cf75e1997bf5e612645902d87ef8041c7
  Parameters: {"action"=>"gateway", "controller"=>"rubyamf"}
HelloController: missing default helper path hello_helper


Processing HelloController#sayhello (for 127.0.0.1 at 2007-11-18 18:49:30) [POST]
  Session ID: BAh7BiIKZmxhc2hJQzonQWN0aW9uQ29udHJvbGxlcjo6Rmxhc2g6OkZsYXNo%0ASGFzaHsABjoKQHVzZWR7AA%3D%3D--f532308cf75e1997bf5e612645902d87ef8041c7
  Parameters: {"action"=>"sayhello", "controller"=>"hello"}
Completed in 0.00010 (10000 reqs/sec) | DB: 0.00000 (0%) |  [http://localhosthello/sayhello]
Sending data 
Completed in 0.03200 (31 reqs/sec) | Rendering: 0.00000 (0%) | DB: 0.00000 (0%) | 200 OK [http://localhosthello/sayhello]


Processing RubyamfController#gateway (for 127.0.0.1 at 2007-11-18 18:50:01) [POST]
  Session ID: BAh7BiIKZmxhc2hJQzonQWN0aW9uQ29udHJvbGxlcjo6Rmxhc2g6OkZsYXNo%0ASGFzaHsABjoKQHVzZWR7AA%3D%3D--f532308cf75e1997bf5e612645902d87ef8041c7
  Parameters: {"action"=>"gateway", "controller"=>"rubyamf"}
Sending data 
Completed in 0.01500 (66 reqs/sec) | Rendering: 0.00000 (0%) | DB: 0.00000 (0%) | 200 OK [http://localhost/rubyamf/gateway]


Processing RubyamfController#gateway (for 127.0.0.1 at 2007-11-18 18:50:01) [POST]
  Session ID: BAh7BiIKZmxhc2hJQzonQWN0aW9uQ29udHJvbGxlcjo6Rmxhc2g6OkZsYXNo%0ASGFzaHsABjoKQHVzZWR7AA%3D%3D--f532308cf75e1997bf5e612645902d87ef8041c7
  Parameters: {"action"=>"gateway", "controller"=>"rubyamf"}
HelloController: missing default helper path hello_helper


Processing HelloController#sayhello (for 127.0.0.1 at 2007-11-18 18:50:01) [POST]
  Session ID: BAh7BiIKZmxhc2hJQzonQWN0aW9uQ29udHJvbGxlcjo6Rmxhc2g6OkZsYXNo%0ASGFzaHsABjoKQHVzZWR7AA%3D%3D--f532308cf75e1997bf5e612645902d87ef8041c7
  Parameters: {"action"=>"sayhello", "controller"=>"hello"}
Completed in 0.01500 (66 reqs/sec) | DB: 0.00000 (0%) |  [http://localhosthello/sayhello]
Sending data 
Completed in 0.03100 (32 reqs/sec) | Rendering: 0.00000 (0%) | DB: 0.00000 (0%) | 200 OK [http://localhosthello/sayhello]


Processing RubyamfController#gateway (for 127.0.0.1 at 2007-11-18 18:51:33) [POST]
  Session ID: BAh7BiIKZmxhc2hJQzonQWN0aW9uQ29udHJvbGxlcjo6Rmxhc2g6OkZsYXNo%0ASGFzaHsABjoKQHVzZWR7AA%3D%3D--f532308cf75e1997bf5e612645902d87ef8041c7
  Parameters: {"action"=>"gateway", "controller"=>"rubyamf"}
Sending data 
Completed in 0.01600 (62 reqs/sec) | Rendering: 0.00000 (0%) | DB: 0.00000 (0%) | 200 OK [http://localhost/rubyamf/gateway]


Processing RubyamfController#gateway (for 127.0.0.1 at 2007-11-18 18:51:33) [POST]
  Session ID: BAh7BiIKZmxhc2hJQzonQWN0aW9uQ29udHJvbGxlcjo6Rmxhc2g6OkZsYXNo%0ASGFzaHsABjoKQHVzZWR7AA%3D%3D--f532308cf75e1997bf5e612645902d87ef8041c7
  Parameters: {"action"=>"gateway", "controller"=>"rubyamf"}
HelloController: missing default helper path hello_helper


Processing HelloController#sayhello (for 127.0.0.1 at 2007-11-18 18:51:33) [POST]
  Session ID: BAh7BiIKZmxhc2hJQzonQWN0aW9uQ29udHJvbGxlcjo6Rmxhc2g6OkZsYXNo%0ASGFzaHsABjoKQHVzZWR7AA%3D%3D--f532308cf75e1997bf5e612645902d87ef8041c7
  Parameters: {"action"=>"sayhello", "controller"=>"hello"}
Completed in 0.00010 (10000 reqs/sec) | DB: 0.00000 (0%) |  [http://localhosthello/sayhello]
Sending data 
Completed in 0.01600 (62 reqs/sec) | Rendering: 0.00000 (0%) | DB: 0.00000 (0%) | 200 OK [http://localhosthello/sayhello]
WARNING: You're using the Ruby-based MySQL library that ships with Rails. This library is not suited for production. Please install the C-based MySQL library instead (gem install mysql).
  [4;36;1mSQL (0.031000)[0m   [0;1mSET NAMES 'utf8'[0m
  [4;35;1mSQL (0.015000)[0m   [0mSET SQL_AUTO_IS_NULL=0[0m
  [4;36;1mTask Columns (0.000000)[0m   [0;1mMysql::Error: #42S02Table 'pomodo_development.tasks' doesn't exist: SHOW FIELDS FROM `tasks`[0m
  [4;35;1mProject Columns (0.000000)[0m   [0mMysql::Error: #42S02Table 'pomodo_development.projects' doesn't exist: SHOW FIELDS FROM `projects`[0m
  [4;36;1mLocation Columns (0.000000)[0m   [0;1mMysql::Error: #42S02Table 'pomodo_development.locations' doesn't exist: SHOW FIELDS FROM `locations`[0m
  [4;35;1mNote Columns (0.000000)[0m   [0mMysql::Error: #42S02Table 'pomodo_development.notes' doesn't exist: SHOW FIELDS FROM `notes`[0m
  [4;36;1mSQL (0.485000)[0m   [0;1mCREATE TABLE `schema_info` (version int(11))[0m
  [4;35;1mSQL (0.093000)[0m   [0mINSERT INTO `schema_info` (version) VALUES(0)[0m
  [4;36;1mSQL (0.000000)[0m   [0;1mMysql::Error: #42S01Table 'schema_info' already exists: CREATE TABLE `schema_info` (version int(11))[0m
  [4;35;1mSQL (0.000000)[0m   [0mSELECT version FROM schema_info[0m
Migrating to CreateUsers (1)
  [4;36;1mSQL (0.000000)[0m   [0;1mMysql::Error: #42S02Unknown table 'users': DROP TABLE `users`[0m
  [4;35;1mSQL (0.140000)[0m   [0mCREATE TABLE `users` (`id` int(11) DEFAULT NULL auto_increment PRIMARY KEY, `login` varchar(255) DEFAULT NULL, `email` varchar(255) DEFAULT NULL, `first_name` varchar(80) DEFAULT NULL, `last_name` varchar(80) DEFAULT NULL, `crypted_password` varchar(40) DEFAULT NULL, `salt` varchar(40) DEFAULT NULL, `created_at` datetime DEFAULT NULL, `updated_at` datetime DEFAULT NULL, `remember_token` varchar(255) DEFAULT NULL, `remember_token_expires_at` datetime DEFAULT NULL) ENGINE=InnoDB[0m
  [4;36;1mSQL (0.032000)[0m   [0;1mUPDATE schema_info SET version = 1[0m
  [4;35;1mSQL (0.000000)[0m   [0mSELECT version FROM schema_info[0m
Migrating to CreateTasks (2)
  [4;36;1mSQL (0.125000)[0m   [0;1mCREATE TABLE `tasks` (`id` int(11) DEFAULT NULL auto_increment PRIMARY KEY, `user_id` int(11) DEFAULT 0 NOT NULL, `project_id` int(11) DEFAULT NULL, `location_id` int(11) DEFAULT NULL, `name` varchar(100) DEFAULT '' NOT NULL, `notes` text DEFAULT NULL, `next_action` tinyint(1) DEFAULT 0 NOT NULL, `completed` tinyint(1) DEFAULT 0 NOT NULL, `created_at` datetime DEFAULT NULL, `updated_at` datetime DEFAULT NULL) ENGINE=InnoDB[0m
  [4;35;1mSQL (0.109000)[0m   [0mUPDATE schema_info SET version = 2[0m
  [4;36;1mSQL (0.000000)[0m   [0;1mSELECT version FROM schema_info[0m
Migrating to CreateProjects (3)
  [4;35;1mSQL (0.281000)[0m   [0mCREATE TABLE `projects` (`id` int(11) DEFAULT NULL auto_increment PRIMARY KEY, `user_id` int(11) DEFAULT 0 NOT NULL, `name` varchar(100) DEFAULT '' NOT NULL, `notes` text DEFAULT NULL, `completed` tinyint(1) DEFAULT 0 NOT NULL, `created_at` datetime DEFAULT NULL, `updated_at` datetime DEFAULT NULL) ENGINE=InnoDB[0m
  [4;36;1mSQL (0.032000)[0m   [0;1mUPDATE schema_info SET version = 3[0m
  [4;35;1mSQL (0.000000)[0m   [0mSELECT version FROM schema_info[0m
Migrating to CreateLocations (4)
  [4;36;1mSQL (0.109000)[0m   [0;1mCREATE TABLE `locations` (`id` int(11) DEFAULT NULL auto_increment PRIMARY KEY, `user_id` int(11) DEFAULT 0 NOT NULL, `name` varchar(100) DEFAULT '' NOT NULL, `notes` text DEFAULT NULL, `created_at` datetime DEFAULT NULL, `updated_at` datetime DEFAULT NULL) ENGINE=InnoDB[0m
  [4;35;1mSQL (0.047000)[0m   [0mUPDATE schema_info SET version = 4[0m
  [4;36;1mSQL (0.000000)[0m   [0;1mSELECT version FROM schema_info[0m
Migrating to CreateNotes (5)
  [4;35;1mSQL (0.125000)[0m   [0mCREATE TABLE `notes` (`id` int(11) DEFAULT NULL auto_increment PRIMARY KEY, `user_id` int(11) DEFAULT 0 NOT NULL, `content` text DEFAULT NULL, `created_at` datetime DEFAULT NULL, `updated_at` datetime DEFAULT NULL) ENGINE=InnoDB[0m
  [4;36;1mSQL (0.031000)[0m   [0;1mUPDATE schema_info SET version = 5[0m
  [4;35;1mSQL (0.000000)[0m   [0mSELECT * FROM schema_info[0m
  [4;36;1mSQL (0.000000)[0m   [0;1mSHOW TABLES[0m
  [4;35;1mSQL (0.015000)[0m   [0mSHOW FIELDS FROM `locations`[0m
  [4;36;1mSQL (0.000000)[0m   [0;1mdescribe `locations`[0m
  [4;35;1mSQL (0.000000)[0m   [0mSHOW KEYS FROM `locations`[0m
  [4;36;1mSQL (0.000000)[0m   [0;1mSHOW FIELDS FROM `notes`[0m
  [4;35;1mSQL (0.000000)[0m   [0mdescribe `notes`[0m
  [4;36;1mSQL (0.000000)[0m   [0;1mSHOW KEYS FROM `notes`[0m
  [4;35;1mSQL (0.000000)[0m   [0mSHOW FIELDS FROM `projects`[0m
  [4;36;1mSQL (0.015000)[0m   [0;1mdescribe `projects`[0m
  [4;35;1mSQL (0.000000)[0m   [0mSHOW KEYS FROM `projects`[0m
  [4;36;1mSQL (0.000000)[0m   [0;1mSHOW FIELDS FROM `tasks`[0m
  [4;35;1mSQL (0.016000)[0m   [0mdescribe `tasks`[0m
  [4;36;1mSQL (0.000000)[0m   [0;1mSHOW KEYS FROM `tasks`[0m
  [4;35;1mSQL (0.015000)[0m   [0mSHOW FIELDS FROM `users`[0m
  [4;36;1mSQL (0.000000)[0m   [0;1mdescribe `users`[0m
  [4;35;1mSQL (0.000000)[0m   [0mSHOW KEYS FROM `users`[0m
WARNING: You're using the Ruby-based MySQL library that ships with Rails. This library is not suited for production. Please install the C-based MySQL library instead (gem install mysql).
  [4;36;1mSQL (0.000000)[0m   [0;1mSET NAMES 'utf8'[0m
  [4;35;1mSQL (0.000000)[0m   [0mSET SQL_AUTO_IS_NULL=0[0m
  [4;36;1mTask Columns (0.000000)[0m   [0;1mSHOW FIELDS FROM `tasks`[0m
  [4;35;1mProject Columns (0.000000)[0m   [0mSHOW FIELDS FROM `projects`[0m
  [4;36;1mLocation Columns (0.000000)[0m   [0;1mSHOW FIELDS FROM `locations`[0m
  [4;35;1mNote Columns (0.000000)[0m   [0mSHOW FIELDS FROM `notes`[0m
  [4;36;1mSQL (0.000000)[0m   [0;1mSET NAMES 'utf8'[0m
  [4;35;1mSQL (0.000000)[0m   [0mSET SQL_AUTO_IS_NULL=0[0m
WARNING: You're using the Ruby-based MySQL library that ships with Rails. This library is not suited for production. Please install the C-based MySQL library instead (gem install mysql).
  [4;36;1mSQL (0.000000)[0m   [0;1mSET NAMES 'utf8'[0m
  [4;35;1mSQL (0.000000)[0m   [0mSET SQL_AUTO_IS_NULL=0[0m
  [4;36;1mTask Columns (0.016000)[0m   [0;1mSHOW FIELDS FROM `tasks`[0m
  [4;35;1mProject Columns (0.015000)[0m   [0mSHOW FIELDS FROM `projects`[0m
  [4;36;1mLocation Columns (0.000000)[0m   [0;1mSHOW FIELDS FROM `locations`[0m
  [4;35;1mNote Columns (0.000000)[0m   [0mSHOW FIELDS FROM `notes`[0m


Processing ApplicationController#index (for 127.0.0.1 at 2007-11-20 08:54:03) [GET]
  Session ID: 2281b3082ea31944645b56195d330510
  Parameters: {}


ActionController::RoutingError (No route matches "/bin/Pomodo.html" with {:method=>:get}):
    /vendor/rails/actionpack/lib/action_controller/routing.rb:1432:in `recognize_path'
    /vendor/rails/actionpack/lib/action_controller/routing.rb:1415:in `recognize'
    /vendor/rails/actionpack/lib/action_controller/dispatcher.rb:170:in `handle_request'
    /vendor/rails/actionpack/lib/action_controller/dispatcher.rb:115:in `dispatch'
    /vendor/rails/actionpack/lib/action_controller/dispatcher.rb:126:in `dispatch_cgi'
    /vendor/rails/actionpack/lib/action_controller/dispatcher.rb:9:in `dispatch'
    /vendor/rails/railties/lib/webrick_server.rb:112:in `handle_dispatch'
    /vendor/rails/railties/lib/webrick_server.rb:78:in `service'
    c:/ruby/lib/ruby/1.8/webrick/httpserver.rb:104:in `service'
    c:/ruby/lib/ruby/1.8/webrick/httpserver.rb:65:in `run'
    c:/ruby/lib/ruby/1.8/webrick/server.rb:173:in `start_thread'
    c:/ruby/lib/ruby/1.8/webrick/server.rb:162:in `start'
    c:/ruby/lib/ruby/1.8/webrick/server.rb:162:in `start_thread'
    c:/ruby/lib/ruby/1.8/webrick/server.rb:95:in `start'
    c:/ruby/lib/ruby/1.8/webrick/server.rb:92:in `each'
    c:/ruby/lib/ruby/1.8/webrick/server.rb:92:in `start'
    c:/ruby/lib/ruby/1.8/webrick/server.rb:23:in `start'
    c:/ruby/lib/ruby/1.8/webrick/server.rb:82:in `start'
    /vendor/rails/railties/lib/webrick_server.rb:62:in `dispatch'
    /vendor/rails/railties/lib/commands/servers/webrick.rb:66
    c:/ruby/lib/ruby/site_ruby/1.8/rubygems/custom_require.rb:27:in `gem_original_require'
    c:/ruby/lib/ruby/site_ruby/1.8/rubygems/custom_require.rb:27:in `require'
    /vendor/rails/activesupport/lib/active_support/dependencies.rb:496:in `require'
    /vendor/rails/activesupport/lib/active_support/dependencies.rb:342:in `new_constants_in'
    /vendor/rails/activesupport/lib/active_support/dependencies.rb:496:in `require'
    /vendor/rails/railties/lib/commands/server.rb:39
    c:/ruby/lib/ruby/site_ruby/1.8/rubygems/custom_require.rb:27:in `gem_original_require'
    c:/ruby/lib/ruby/site_ruby/1.8/rubygems/custom_require.rb:27:in `require'
    script/server:3

Rendering c:/peter/flexiblerails/current/pomodo/vendor/rails/actionpack/lib/action_controller/templates/rescues/layout.erb (not_found)


Processing SessionsController#create (for 127.0.0.1 at 2007-11-20 08:54:53) [POST]
  Session ID: BAh7BiIKZmxhc2hJQzonQWN0aW9uQ29udHJvbGxlcjo6Rmxhc2g6OkZsYXNo%0ASGFzaHsABjoKQHVzZWR7AA%3D%3D--f532308cf75e1997bf5e612645902d87ef8041c7
  Parameters: {"format"=>"xml", "action"=>"create", "controller"=>"sessions", "password"=>"foooo", "login"=>"ludwig"}
  [4;36;1mUser Columns (0.016000)[0m   [0;1mSHOW FIELDS FROM `users`[0m
  [4;35;1mUser Load (0.031000)[0m   [0mSELECT * FROM `users` WHERE (`users`.`login` = 'ludwig') LIMIT 1[0m
Completed in 0.07800 (12 reqs/sec) | Rendering: 0.00000 (0%) | DB: 0.07800 (100%) | 200 OK [http://localhost/session.xml]


Processing RubyamfController#gateway (for 127.0.0.1 at 2007-11-20 08:54:54) [POST]
  Session ID: BAh7ByIKZmxhc2hJQzonQWN0aW9uQ29udHJvbGxlcjo6Rmxhc2g6OkZsYXNo%0ASGFzaHsABjoKQHVzZWR7ADoJdXNlcmkI--dba5de8f8fd1f3acf42368b0e55991961c0a6c0d
  Parameters: {"action"=>"gateway", "controller"=>"rubyamf"}
Sending data 
Completed in 0.00010 (10000 reqs/sec) | Rendering: 0.00000 (0%) | DB: 0.00000 (0%) | 200 OK [http://localhost/rubyamf/gateway]


Processing RubyamfController#gateway (for 127.0.0.1 at 2007-11-20 08:54:54) [POST]
  Session ID: BAh7ByIKZmxhc2hJQzonQWN0aW9uQ29udHJvbGxlcjo6Rmxhc2g6OkZsYXNo%0ASGFzaHsABjoKQHVzZWR7ADoJdXNlcmkI--dba5de8f8fd1f3acf42368b0e55991961c0a6c0d
  Parameters: {"action"=>"gateway", "controller"=>"rubyamf"}


Processing NotesController#show (for 127.0.0.1 at 2007-11-20 08:54:54) [POST]
  Session ID: BAh7ByIKZmxhc2hJQzonQWN0aW9uQ29udHJvbGxlcjo6Rmxhc2g6OkZsYXNo%0ASGFzaHsABjoKQHVzZWR7ADoJdXNlcmkI--dba5de8f8fd1f3acf42368b0e55991961c0a6c0d
  Parameters: {"action"=>"show", "controller"=>"notes"}
  [4;36;1mUser Columns (0.015000)[0m   [0;1mSHOW FIELDS FROM `users`[0m
  [4;35;1mUser Load (0.047000)[0m   [0mSELECT * FROM `users` WHERE (`users`.`id` = 3) LIMIT 1[0m
  [4;36;1mNote Load (0.000000)[0m   [0;1mSELECT * FROM `notes` WHERE (notes.user_id = 3) LIMIT 1[0m
Completed in 0.09400 (10 reqs/sec) | DB: 0.00000 (0%) |  [http://localhostnotes/show]


Processing ProjectsController#index (for 127.0.0.1 at 2007-11-20 08:54:54) [POST]
  Session ID: BAh7ByIKZmxhc2hJQzonQWN0aW9uQ29udHJvbGxlcjo6Rmxhc2g6OkZsYXNo%0ASGFzaHsABjoKQHVzZWR7ADoJdXNlcmkI--dba5de8f8fd1f3acf42368b0e55991961c0a6c0d
  Parameters: {"action"=>"index", "controller"=>"projects"}
  [4;35;1mUser Load (0.000000)[0m   [0mSELECT * FROM `users` WHERE (`users`.`id` = 3) LIMIT 1[0m
Completed in 0.01500 (66 reqs/sec) | DB: 0.00000 (0%) |  [http://localhostprojects/index]
  [4;36;1mProject Load (0.016000)[0m   [0;1mSELECT * FROM `projects` WHERE (projects.user_id = 3) [0m


Processing LocationsController#index (for 127.0.0.1 at 2007-11-20 08:54:54) [POST]
  Session ID: BAh7ByIKZmxhc2hJQzonQWN0aW9uQ29udHJvbGxlcjo6Rmxhc2g6OkZsYXNo%0ASGFzaHsABjoKQHVzZWR7ADoJdXNlcmkI--dba5de8f8fd1f3acf42368b0e55991961c0a6c0d
  Parameters: {"action"=>"index", "controller"=>"locations"}
  [4;35;1mUser Load (0.000000)[0m   [0mSELECT * FROM `users` WHERE (`users`.`id` = 3) LIMIT 1[0m
Completed in 0.01600 (62 reqs/sec) | DB: 0.00000 (0%) |  [http://localhostlocations/index]
  [4;36;1mLocation Load (0.000000)[0m   [0;1mSELECT * FROM `locations` WHERE (locations.user_id = 3) [0m
  [4;35;1mNote Columns (0.016000)[0m   [0mSHOW FIELDS FROM `notes`[0m
  [4;36;1mProject Columns (0.000000)[0m   [0;1mSHOW FIELDS FROM `projects`[0m
  [4;35;1mLocation Columns (0.015000)[0m   [0mSHOW FIELDS FROM `locations`[0m
Sending data 
Completed in 0.35900 (2 reqs/sec) | Rendering: 0.00000 (0%) | DB: 0.03100 (8%) | 200 OK [http://localhostlocations/index]


Processing RubyamfController#gateway (for 127.0.0.1 at 2007-11-20 08:54:54) [POST]
  Session ID: BAh7ByIKZmxhc2hJQzonQWN0aW9uQ29udHJvbGxlcjo6Rmxhc2g6OkZsYXNo%0ASGFzaHsABjoKQHVzZWR7ADoJdXNlcmkI--dba5de8f8fd1f3acf42368b0e55991961c0a6c0d
  Parameters: {"action"=>"gateway", "controller"=>"rubyamf"}


Processing TasksController#index (for 127.0.0.1 at 2007-11-20 08:54:54) [POST]
  Session ID: BAh7ByIKZmxhc2hJQzonQWN0aW9uQ29udHJvbGxlcjo6Rmxhc2g6OkZsYXNo%0ASGFzaHsABjoKQHVzZWR7ADoJdXNlcmkI--dba5de8f8fd1f3acf42368b0e55991961c0a6c0d
  Parameters: {"action"=>"index", "controller"=>"tasks"}
  [4;36;1mUser Columns (0.016000)[0m   [0;1mSHOW FIELDS FROM `users`[0m
  [4;35;1mUser Load (0.000000)[0m   [0mSELECT * FROM `users` WHERE (`users`.`id` = 3) LIMIT 1[0m
Completed in 0.17100 (5 reqs/sec) | DB: 0.00000 (0%) |  [http://localhosttasks/index]
  [4;36;1mTask Load (0.000000)[0m   [0;1mSELECT * FROM `tasks` WHERE (tasks.user_id = 3) [0m
  [4;35;1mTask Columns (0.016000)[0m   [0mSHOW FIELDS FROM `tasks`[0m
Sending data 
Completed in 0.23400 (4 reqs/sec) | Rendering: 0.00000 (0%) | DB: 0.01600 (6%) | 200 OK [http://localhosttasks/index]


Processing RubyamfController#gateway (for 127.0.0.1 at 2007-11-20 08:54:58) [POST]
  Session ID: BAh7ByIKZmxhc2hJQzonQWN0aW9uQ29udHJvbGxlcjo6Rmxhc2g6OkZsYXNo%0ASGFzaHsABjoKQHVzZWR7ADoJdXNlcmkI--dba5de8f8fd1f3acf42368b0e55991961c0a6c0d
  Parameters: {"action"=>"gateway", "controller"=>"rubyamf"}
  [4;36;1mTask Columns (0.015000)[0m   [0;1mSHOW FIELDS FROM `tasks`[0m


Processing TasksController#update (for 127.0.0.1 at 2007-11-20 08:54:58) [POST]
  Session ID: BAh7ByIKZmxhc2hJQzonQWN0aW9uQ29udHJvbGxlcjo6Rmxhc2g6OkZsYXNo%0ASGFzaHsABjoKQHVzZWR7ADoJdXNlcmkI--dba5de8f8fd1f3acf42368b0e55991961c0a6c0d
  Parameters: {0=>#<Task id: 2, project_id: 1, location_id: 1, name: "Finish ninth symphony", notes: "Ode to beer maybe?  Ode to cheese?", next_action: true, completed: true>, "action"=>"update", "controller"=>"tasks"}
  [4;35;1mUser Columns (0.031000)[0m   [0mSHOW FIELDS FROM `users`[0m
  [4;36;1mUser Load (0.000000)[0m   [0;1mSELECT * FROM `users` WHERE (`users`.`id` = 3) LIMIT 1[0m
  [4;35;1mTask Load (0.000000)[0m   [0mSELECT * FROM `tasks` WHERE (`tasks`.`id` = 2 AND (tasks.user_id = 3)) [0m
  [4;36;1mProject Columns (0.000000)[0m   [0;1mSHOW FIELDS FROM `projects`[0m
  [4;35;1mProject Load (0.000000)[0m   [0mSELECT * FROM `projects` WHERE (`projects`.`id` = 1) [0m
  [4;36;1mTask Load (0.000000)[0m   [0;1mSELECT * FROM `tasks` WHERE (tasks.project_id = 1 AND (next_action='1')) LIMIT 1[0m
  [4;35;1mSQL (0.000000)[0m   [0mBEGIN[0m
  [4;36;1mTask Update (0.016000)[0m   [0;1mUPDATE `tasks` SET `created_at` = NULL, `next_action` = 0, `notes` = 'Ode to beer maybe? Ode to cheese?', `location_id` = 1, `user_id` = 3, `updated_at` = '2007-11-20 08:54:58', `project_id` = 1, `name` = 'Finish ninth symphony', `completed` = 1 WHERE `id` = 2[0m
  [4;35;1mSQL (0.047000)[0m   [0mCOMMIT[0m
Completed in 0.14100 (7 reqs/sec) | DB: 0.00000 (0%) |  [http://localhosttasks/update]
Sending data 
Completed in 0.18700 (5 reqs/sec) | Rendering: 0.00000 (0%) | DB: 0.00000 (0%) | 200 OK [http://localhosttasks/update]


Processing RubyamfController#gateway (for 127.0.0.1 at 2007-11-20 08:54:58) [POST]
  Session ID: BAh7ByIKZmxhc2hJQzonQWN0aW9uQ29udHJvbGxlcjo6Rmxhc2g6OkZsYXNo%0ASGFzaHsABjoKQHVzZWR7ADoJdXNlcmkI--dba5de8f8fd1f3acf42368b0e55991961c0a6c0d
  Parameters: {"action"=>"gateway", "controller"=>"rubyamf"}


Processing ProjectsController#index (for 127.0.0.1 at 2007-11-20 08:54:58) [POST]
  Session ID: BAh7ByIKZmxhc2hJQzonQWN0aW9uQ29udHJvbGxlcjo6Rmxhc2g6OkZsYXNo%0ASGFzaHsABjoKQHVzZWR7ADoJdXNlcmkI--dba5de8f8fd1f3acf42368b0e55991961c0a6c0d
  Parameters: {"action"=>"index", "controller"=>"projects"}
  [4;36;1mUser Columns (0.016000)[0m   [0;1mSHOW FIELDS FROM `users`[0m
  [4;35;1mUser Load (0.000000)[0m   [0mSELECT * FROM `users` WHERE (`users`.`id` = 3) LIMIT 1[0m
Completed in 0.04700 (21 reqs/sec) | DB: 0.00000 (0%) |  [http://localhostprojects/index]
  [4;36;1mProject Load (0.000000)[0m   [0;1mSELECT * FROM `projects` WHERE (projects.user_id = 3) [0m
  [4;35;1mProject Columns (0.015000)[0m   [0mSHOW FIELDS FROM `projects`[0m
Sending data 
Completed in 0.07800 (12 reqs/sec) | Rendering: 0.00000 (0%) | DB: 0.01500 (19%) | 200 OK [http://localhostprojects/index]


Processing RubyamfController#gateway (for 127.0.0.1 at 2007-11-20 08:54:58) [POST]
  Session ID: BAh7ByIKZmxhc2hJQzonQWN0aW9uQ29udHJvbGxlcjo6Rmxhc2g6OkZsYXNo%0ASGFzaHsABjoKQHVzZWR7ADoJdXNlcmkI--dba5de8f8fd1f3acf42368b0e55991961c0a6c0d
  Parameters: {"action"=>"gateway", "controller"=>"rubyamf"}


Processing TasksController#index (for 127.0.0.1 at 2007-11-20 08:54:58) [POST]
  Session ID: BAh7ByIKZmxhc2hJQzonQWN0aW9uQ29udHJvbGxlcjo6Rmxhc2g6OkZsYXNo%0ASGFzaHsABjoKQHVzZWR7ADoJdXNlcmkI--dba5de8f8fd1f3acf42368b0e55991961c0a6c0d
  Parameters: {"action"=>"index", "controller"=>"tasks"}
  [4;36;1mUser Columns (0.000000)[0m   [0;1mSHOW FIELDS FROM `users`[0m
  [4;35;1mUser Load (0.000000)[0m   [0mSELECT * FROM `users` WHERE (`users`.`id` = 3) LIMIT 1[0m
Completed in 0.14100 (7 reqs/sec) | DB: 0.00000 (0%) |  [http://localhosttasks/index]
  [4;36;1mTask Load (0.000000)[0m   [0;1mSELECT * FROM `tasks` WHERE (tasks.user_id = 3) [0m
  [4;35;1mTask Columns (0.015000)[0m   [0mSHOW FIELDS FROM `tasks`[0m
Sending data 
Completed in 0.20300 (4 reqs/sec) | Rendering: 0.00000 (0%) | DB: 0.01500 (7%) | 200 OK [http://localhosttasks/index]


Processing RubyamfController#gateway (for 127.0.0.1 at 2007-11-20 08:55:04) [POST]
  Session ID: BAh7ByIKZmxhc2hJQzonQWN0aW9uQ29udHJvbGxlcjo6Rmxhc2g6OkZsYXNo%0ASGFzaHsABjoKQHVzZWR7ADoJdXNlcmkI--dba5de8f8fd1f3acf42368b0e55991961c0a6c0d
  Parameters: {"action"=>"gateway", "controller"=>"rubyamf"}
  [4;36;1mTask Columns (0.000000)[0m   [0;1mSHOW FIELDS FROM `tasks`[0m


Processing TasksController#create (for 127.0.0.1 at 2007-11-20 08:55:04) [POST]
  Session ID: BAh7ByIKZmxhc2hJQzonQWN0aW9uQ29udHJvbGxlcjo6Rmxhc2g6OkZsYXNo%0ASGFzaHsABjoKQHVzZWR7ADoJdXNlcmkI--dba5de8f8fd1f3acf42368b0e55991961c0a6c0d
  Parameters: {0=>#<Task id: nil, user_id: nil, project_id: 0, location_id: 0, name: "boo", notes: "yeah", next_action: false, completed: false, created_at: nil, updated_at: nil>, "action"=>"create", "controller"=>"tasks"}
  [4;35;1mUser Columns (0.000000)[0m   [0mSHOW FIELDS FROM `users`[0m
  [4;36;1mUser Load (0.000000)[0m   [0;1mSELECT * FROM `users` WHERE (`users`.`id` = 3) LIMIT 1[0m
  [4;35;1mSQL (0.000000)[0m   [0mBEGIN[0m
  [4;36;1mTask Create (0.000000)[0m   [0;1mINSERT INTO `tasks` (`completed`, `name`, `project_id`, `updated_at`, `next_action`, `location_id`, `notes`, `user_id`, `created_at`) VALUES(0, 'boo', NULL, '2007-11-20 08:55:04', 0, NULL, 'yeah', 3, '2007-11-20 08:55:04')[0m
  [4;35;1mSQL (0.110000)[0m   [0mCOMMIT[0m
Completed in 0.15700 (6 reqs/sec) | DB: 0.00000 (0%) |  [http://localhosttasks/create]
Sending data 
Completed in 0.18800 (5 reqs/sec) | Rendering: 0.00000 (0%) | DB: 0.00000 (0%) | 200 OK [http://localhosttasks/create]


Processing RubyamfController#gateway (for 127.0.0.1 at 2007-11-20 08:55:05) [POST]
  Session ID: BAh7ByIKZmxhc2hJQzonQWN0aW9uQ29udHJvbGxlcjo6Rmxhc2g6OkZsYXNo%0ASGFzaHsABjoKQHVzZWR7ADoJdXNlcmkI--dba5de8f8fd1f3acf42368b0e55991961c0a6c0d
  Parameters: {"action"=>"gateway", "controller"=>"rubyamf"}


Processing TasksController#index (for 127.0.0.1 at 2007-11-20 08:55:05) [POST]
  Session ID: BAh7ByIKZmxhc2hJQzonQWN0aW9uQ29udHJvbGxlcjo6Rmxhc2g6OkZsYXNo%0ASGFzaHsABjoKQHVzZWR7ADoJdXNlcmkI--dba5de8f8fd1f3acf42368b0e55991961c0a6c0d
  Parameters: {"action"=>"index", "controller"=>"tasks"}
  [4;36;1mUser Columns (0.015000)[0m   [0;1mSHOW FIELDS FROM `users`[0m
  [4;35;1mUser Load (0.000000)[0m   [0mSELECT * FROM `users` WHERE (`users`.`id` = 3) LIMIT 1[0m
Completed in 0.04700 (21 reqs/sec) | DB: 0.00000 (0%) |  [http://localhosttasks/index]
  [4;36;1mTask Load (0.000000)[0m   [0;1mSELECT * FROM `tasks` WHERE (tasks.user_id = 3) [0m
  [4;35;1mTask Columns (0.016000)[0m   [0mSHOW FIELDS FROM `tasks`[0m
Sending data 
Completed in 0.07800 (12 reqs/sec) | Rendering: 0.00000 (0%) | DB: 0.01600 (20%) | 200 OK [http://localhosttasks/index]


Processing RubyamfController#gateway (for 127.0.0.1 at 2007-11-20 08:55:10) [POST]
  Session ID: BAh7ByIKZmxhc2hJQzonQWN0aW9uQ29udHJvbGxlcjo6Rmxhc2g6OkZsYXNo%0ASGFzaHsABjoKQHVzZWR7ADoJdXNlcmkI--dba5de8f8fd1f3acf42368b0e55991961c0a6c0d
  Parameters: {"action"=>"gateway", "controller"=>"rubyamf"}
  [4;36;1mTask Columns (0.015000)[0m   [0;1mSHOW FIELDS FROM `tasks`[0m


Processing TasksController#update (for 127.0.0.1 at 2007-11-20 08:55:10) [POST]
  Session ID: BAh7ByIKZmxhc2hJQzonQWN0aW9uQ29udHJvbGxlcjo6Rmxhc2g6OkZsYXNo%0ASGFzaHsABjoKQHVzZWR7ADoJdXNlcmkI--dba5de8f8fd1f3acf42368b0e55991961c0a6c0d
  Parameters: {0=>#<Task id: 8, project_id: 1, location_id: 0, name: "boo", notes: "yeah", next_action: false, completed: false>, "action"=>"update", "controller"=>"tasks"}
  [4;35;1mUser Columns (0.000000)[0m   [0mSHOW FIELDS FROM `users`[0m
  [4;36;1mUser Load (0.000000)[0m   [0;1mSELECT * FROM `users` WHERE (`users`.`id` = 3) LIMIT 1[0m
  [4;35;1mTask Load (0.000000)[0m   [0mSELECT * FROM `tasks` WHERE (`tasks`.`id` = 8 AND (tasks.user_id = 3)) [0m
  [4;36;1mProject Columns (0.015000)[0m   [0;1mSHOW FIELDS FROM `projects`[0m
  [4;35;1mProject Load (0.000000)[0m   [0mSELECT * FROM `projects` WHERE (`projects`.`id` = 1) [0m
  [4;36;1mTask Load (0.000000)[0m   [0;1mSELECT * FROM `tasks` WHERE (tasks.project_id = 1 AND (next_action='1')) LIMIT 1[0m
  [4;35;1mSQL (0.000000)[0m   [0mBEGIN[0m
  [4;36;1mTask Update (0.000000)[0m   [0;1mUPDATE `tasks` SET `created_at` = '2007-11-20 08:55:04', `next_action` = 0, `notes` = 'yeah', `location_id` = NULL, `user_id` = 3, `updated_at` = '2007-11-20 08:55:10', `project_id` = 1, `name` = 'boo', `completed` = 0 WHERE `id` = 8[0m
  [4;35;1mSQL (0.047000)[0m   [0mCOMMIT[0m
Completed in 0.23500 (4 reqs/sec) | DB: 0.00000 (0%) |  [http://localhosttasks/update]
Sending data 
Completed in 0.26600 (3 reqs/sec) | Rendering: 0.00000 (0%) | DB: 0.00000 (0%) | 200 OK [http://localhosttasks/update]


Processing RubyamfController#gateway (for 127.0.0.1 at 2007-11-20 08:55:10) [POST]
  Session ID: BAh7ByIKZmxhc2hJQzonQWN0aW9uQ29udHJvbGxlcjo6Rmxhc2g6OkZsYXNo%0ASGFzaHsABjoKQHVzZWR7ADoJdXNlcmkI--dba5de8f8fd1f3acf42368b0e55991961c0a6c0d
  Parameters: {"action"=>"gateway", "controller"=>"rubyamf"}


Processing ProjectsController#index (for 127.0.0.1 at 2007-11-20 08:55:10) [POST]
  Session ID: BAh7ByIKZmxhc2hJQzonQWN0aW9uQ29udHJvbGxlcjo6Rmxhc2g6OkZsYXNo%0ASGFzaHsABjoKQHVzZWR7ADoJdXNlcmkI--dba5de8f8fd1f3acf42368b0e55991961c0a6c0d
  Parameters: {"action"=>"index", "controller"=>"projects"}
  [4;36;1mUser Columns (0.015000)[0m   [0;1mSHOW FIELDS FROM `users`[0m
  [4;35;1mUser Load (0.000000)[0m   [0mSELECT * FROM `users` WHERE (`users`.`id` = 3) LIMIT 1[0m
Completed in 0.06300 (15 reqs/sec) | DB: 0.00000 (0%) |  [http://localhostprojects/index]
  [4;36;1mProject Load (0.000000)[0m   [0;1mSELECT * FROM `projects` WHERE (projects.user_id = 3) [0m
  [4;35;1mProject Columns (0.015000)[0m   [0mSHOW FIELDS FROM `projects`[0m
Sending data 
Completed in 0.09300 (10 reqs/sec) | Rendering: 0.00000 (0%) | DB: 0.01500 (16%) | 200 OK [http://localhostprojects/index]


Processing RubyamfController#gateway (for 127.0.0.1 at 2007-11-20 08:55:10) [POST]
  Session ID: BAh7ByIKZmxhc2hJQzonQWN0aW9uQ29udHJvbGxlcjo6Rmxhc2g6OkZsYXNo%0ASGFzaHsABjoKQHVzZWR7ADoJdXNlcmkI--dba5de8f8fd1f3acf42368b0e55991961c0a6c0d
  Parameters: {"action"=>"gateway", "controller"=>"rubyamf"}


Processing TasksController#index (for 127.0.0.1 at 2007-11-20 08:55:10) [POST]
  Session ID: BAh7ByIKZmxhc2hJQzonQWN0aW9uQ29udHJvbGxlcjo6Rmxhc2g6OkZsYXNo%0ASGFzaHsABjoKQHVzZWR7ADoJdXNlcmkI--dba5de8f8fd1f3acf42368b0e55991961c0a6c0d
  Parameters: {"action"=>"index", "controller"=>"tasks"}
  [4;36;1mUser Columns (0.000000)[0m   [0;1mSHOW FIELDS FROM `users`[0m
  [4;35;1mUser Load (0.000000)[0m   [0mSELECT * FROM `users` WHERE (`users`.`id` = 3) LIMIT 1[0m
Completed in 0.06300 (15 reqs/sec) | DB: 0.00000 (0%) |  [http://localhosttasks/index]
  [4;36;1mTask Load (0.000000)[0m   [0;1mSELECT * FROM `tasks` WHERE (tasks.user_id = 3) [0m
  [4;35;1mTask Columns (0.015000)[0m   [0mSHOW FIELDS FROM `tasks`[0m
Sending data 
Completed in 0.09400 (10 reqs/sec) | Rendering: 0.00000 (0%) | DB: 0.01500 (15%) | 200 OK [http://localhosttasks/index]


Processing RubyamfController#gateway (for 127.0.0.1 at 2007-11-20 08:55:12) [POST]
  Session ID: BAh7ByIKZmxhc2hJQzonQWN0aW9uQ29udHJvbGxlcjo6Rmxhc2g6OkZsYXNo%0ASGFzaHsABjoKQHVzZWR7ADoJdXNlcmkI--dba5de8f8fd1f3acf42368b0e55991961c0a6c0d
  Parameters: {"action"=>"gateway", "controller"=>"rubyamf"}
  [4;36;1mTask Columns (0.000000)[0m   [0;1mSHOW FIELDS FROM `tasks`[0m


Processing TasksController#update (for 127.0.0.1 at 2007-11-20 08:55:13) [POST]
  Session ID: BAh7ByIKZmxhc2hJQzonQWN0aW9uQ29udHJvbGxlcjo6Rmxhc2g6OkZsYXNo%0ASGFzaHsABjoKQHVzZWR7ADoJdXNlcmkI--dba5de8f8fd1f3acf42368b0e55991961c0a6c0d
  Parameters: {0=>#<Task id: 8, project_id: 1, location_id: 2, name: "boo", notes: "yeah", next_action: false, completed: false>, "action"=>"update", "controller"=>"tasks"}
  [4;35;1mUser Columns (0.015000)[0m   [0mSHOW FIELDS FROM `users`[0m
  [4;36;1mUser Load (0.000000)[0m   [0;1mSELECT * FROM `users` WHERE (`users`.`id` = 3) LIMIT 1[0m
  [4;35;1mTask Load (0.000000)[0m   [0mSELECT * FROM `tasks` WHERE (`tasks`.`id` = 8 AND (tasks.user_id = 3)) [0m
  [4;36;1mProject Columns (0.000000)[0m   [0;1mSHOW FIELDS FROM `projects`[0m
  [4;35;1mProject Load (0.016000)[0m   [0mSELECT * FROM `projects` WHERE (`projects`.`id` = 1) [0m
  [4;36;1mTask Load (0.000000)[0m   [0;1mSELECT * FROM `tasks` WHERE (tasks.project_id = 1 AND (next_action='1')) LIMIT 1[0m
  [4;35;1mSQL (0.000000)[0m   [0mBEGIN[0m
  [4;36;1mTask Update (0.000000)[0m   [0;1mUPDATE `tasks` SET `created_at` = '2007-11-20 08:55:04', `next_action` = 0, `notes` = 'yeah', `location_id` = 2, `user_id` = 3, `updated_at` = '2007-11-20 08:55:13', `project_id` = 1, `name` = 'boo', `completed` = 0 WHERE `id` = 8[0m
  [4;35;1mSQL (0.062000)[0m   [0mCOMMIT[0m
Completed in 0.14100 (7 reqs/sec) | DB: 0.00000 (0%) |  [http://localhosttasks/update]
Sending data 
Completed in 0.35900 (2 reqs/sec) | Rendering: 0.00000 (0%) | DB: 0.00000 (0%) | 200 OK [http://localhosttasks/update]


Processing RubyamfController#gateway (for 127.0.0.1 at 2007-11-20 08:55:13) [POST]
  Session ID: BAh7ByIKZmxhc2hJQzonQWN0aW9uQ29udHJvbGxlcjo6Rmxhc2g6OkZsYXNo%0ASGFzaHsABjoKQHVzZWR7ADoJdXNlcmkI--dba5de8f8fd1f3acf42368b0e55991961c0a6c0d
  Parameters: {"action"=>"gateway", "controller"=>"rubyamf"}


Processing ProjectsController#index (for 127.0.0.1 at 2007-11-20 08:55:13) [POST]
  Session ID: BAh7ByIKZmxhc2hJQzonQWN0aW9uQ29udHJvbGxlcjo6Rmxhc2g6OkZsYXNo%0ASGFzaHsABjoKQHVzZWR7ADoJdXNlcmkI--dba5de8f8fd1f3acf42368b0e55991961c0a6c0d
  Parameters: {"action"=>"index", "controller"=>"projects"}
  [4;36;1mUser Columns (0.000000)[0m   [0;1mSHOW FIELDS FROM `users`[0m
  [4;35;1mUser Load (0.000000)[0m   [0mSELECT * FROM `users` WHERE (`users`.`id` = 3) LIMIT 1[0m
Completed in 0.06200 (16 reqs/sec) | DB: 0.00000 (0%) |  [http://localhostprojects/index]
  [4;36;1mProject Load (0.000000)[0m   [0;1mSELECT * FROM `projects` WHERE (projects.user_id = 3) [0m
  [4;35;1mProject Columns (0.000000)[0m   [0mSHOW FIELDS FROM `projects`[0m
Sending data 
Completed in 0.09400 (10 reqs/sec) | Rendering: 0.00000 (0%) | DB: 0.00000 (0%) | 200 OK [http://localhostprojects/index]


Processing RubyamfController#gateway (for 127.0.0.1 at 2007-11-20 08:55:13) [POST]
  Session ID: BAh7ByIKZmxhc2hJQzonQWN0aW9uQ29udHJvbGxlcjo6Rmxhc2g6OkZsYXNo%0ASGFzaHsABjoKQHVzZWR7ADoJdXNlcmkI--dba5de8f8fd1f3acf42368b0e55991961c0a6c0d
  Parameters: {"action"=>"gateway", "controller"=>"rubyamf"}


Processing TasksController#index (for 127.0.0.1 at 2007-11-20 08:55:13) [POST]
  Session ID: BAh7ByIKZmxhc2hJQzonQWN0aW9uQ29udHJvbGxlcjo6Rmxhc2g6OkZsYXNo%0ASGFzaHsABjoKQHVzZWR7ADoJdXNlcmkI--dba5de8f8fd1f3acf42368b0e55991961c0a6c0d
  Parameters: {"action"=>"index", "controller"=>"tasks"}
  [4;36;1mUser Columns (0.000000)[0m   [0;1mSHOW FIELDS FROM `users`[0m
  [4;35;1mUser Load (0.000000)[0m   [0mSELECT * FROM `users` WHERE (`users`.`id` = 3) LIMIT 1[0m
Completed in 0.06200 (16 reqs/sec) | DB: 0.00000 (0%) |  [http://localhosttasks/index]
  [4;36;1mTask Load (0.000000)[0m   [0;1mSELECT * FROM `tasks` WHERE (tasks.user_id = 3) [0m
  [4;35;1mTask Columns (0.000000)[0m   [0mSHOW FIELDS FROM `tasks`[0m
Sending data 
Completed in 0.09400 (10 reqs/sec) | Rendering: 0.00000 (0%) | DB: 0.00000 (0%) | 200 OK [http://localhosttasks/index]


Processing RubyamfController#gateway (for 127.0.0.1 at 2007-11-20 08:55:16) [POST]
  Session ID: BAh7ByIKZmxhc2hJQzonQWN0aW9uQ29udHJvbGxlcjo6Rmxhc2g6OkZsYXNo%0ASGFzaHsABjoKQHVzZWR7ADoJdXNlcmkI--dba5de8f8fd1f3acf42368b0e55991961c0a6c0d
  Parameters: {"action"=>"gateway", "controller"=>"rubyamf"}
  [4;36;1mTask Columns (0.000000)[0m   [0;1mSHOW FIELDS FROM `tasks`[0m


Processing TasksController#update (for 127.0.0.1 at 2007-11-20 08:55:16) [POST]
  Session ID: BAh7ByIKZmxhc2hJQzonQWN0aW9uQ29udHJvbGxlcjo6Rmxhc2g6OkZsYXNo%0ASGFzaHsABjoKQHVzZWR7ADoJdXNlcmkI--dba5de8f8fd1f3acf42368b0e55991961c0a6c0d
  Parameters: {0=>#<Task id: 8, project_id: 1, location_id: 2, name: "boo", notes: "yeah", next_action: false, completed: true>, "action"=>"update", "controller"=>"tasks"}
  [4;35;1mUser Columns (0.016000)[0m   [0mSHOW FIELDS FROM `users`[0m
  [4;36;1mUser Load (0.000000)[0m   [0;1mSELECT * FROM `users` WHERE (`users`.`id` = 3) LIMIT 1[0m
  [4;35;1mTask Load (0.000000)[0m   [0mSELECT * FROM `tasks` WHERE (`tasks`.`id` = 8 AND (tasks.user_id = 3)) [0m
  [4;36;1mProject Columns (0.016000)[0m   [0;1mSHOW FIELDS FROM `projects`[0m
  [4;35;1mProject Load (0.000000)[0m   [0mSELECT * FROM `projects` WHERE (`projects`.`id` = 1) [0m
  [4;36;1mTask Load (0.000000)[0m   [0;1mSELECT * FROM `tasks` WHERE (tasks.project_id = 1 AND (next_action='1')) LIMIT 1[0m
  [4;35;1mSQL (0.000000)[0m   [0mBEGIN[0m
  [4;36;1mTask Update (0.000000)[0m   [0;1mUPDATE `tasks` SET `created_at` = '2007-11-20 08:55:04', `next_action` = 0, `notes` = 'yeah', `location_id` = 2, `user_id` = 3, `updated_at` = '2007-11-20 08:55:16', `project_id` = 1, `name` = 'boo', `completed` = 1 WHERE `id` = 8[0m
  [4;35;1mSQL (0.078000)[0m   [0mCOMMIT[0m
Completed in 0.15600 (6 reqs/sec) | DB: 0.00000 (0%) |  [http://localhosttasks/update]
Sending data 
Completed in 0.37500 (2 reqs/sec) | Rendering: 0.00000 (0%) | DB: 0.00000 (0%) | 200 OK [http://localhosttasks/update]


Processing RubyamfController#gateway (for 127.0.0.1 at 2007-11-20 08:55:16) [POST]
  Session ID: BAh7ByIKZmxhc2hJQzonQWN0aW9uQ29udHJvbGxlcjo6Rmxhc2g6OkZsYXNo%0ASGFzaHsABjoKQHVzZWR7ADoJdXNlcmkI--dba5de8f8fd1f3acf42368b0e55991961c0a6c0d
  Parameters: {"action"=>"gateway", "controller"=>"rubyamf"}


Processing ProjectsController#index (for 127.0.0.1 at 2007-11-20 08:55:16) [POST]
  Session ID: BAh7ByIKZmxhc2hJQzonQWN0aW9uQ29udHJvbGxlcjo6Rmxhc2g6OkZsYXNo%0ASGFzaHsABjoKQHVzZWR7ADoJdXNlcmkI--dba5de8f8fd1f3acf42368b0e55991961c0a6c0d
  Parameters: {"action"=>"index", "controller"=>"projects"}
  [4;36;1mUser Columns (0.015000)[0m   [0;1mSHOW FIELDS FROM `users`[0m
  [4;35;1mUser Load (0.000000)[0m   [0mSELECT * FROM `users` WHERE (`users`.`id` = 3) LIMIT 1[0m
Completed in 0.04700 (21 reqs/sec) | DB: 0.00000 (0%) |  [http://localhostprojects/index]
  [4;36;1mProject Load (0.000000)[0m   [0;1mSELECT * FROM `projects` WHERE (projects.user_id = 3) [0m
  [4;35;1mProject Columns (0.016000)[0m   [0mSHOW FIELDS FROM `projects`[0m
Sending data 
Completed in 0.07800 (12 reqs/sec) | Rendering: 0.00000 (0%) | DB: 0.01600 (20%) | 200 OK [http://localhostprojects/index]


Processing RubyamfController#gateway (for 127.0.0.1 at 2007-11-20 08:55:17) [POST]
  Session ID: BAh7ByIKZmxhc2hJQzonQWN0aW9uQ29udHJvbGxlcjo6Rmxhc2g6OkZsYXNo%0ASGFzaHsABjoKQHVzZWR7ADoJdXNlcmkI--dba5de8f8fd1f3acf42368b0e55991961c0a6c0d
  Parameters: {"action"=>"gateway", "controller"=>"rubyamf"}


Processing TasksController#index (for 127.0.0.1 at 2007-11-20 08:55:17) [POST]
  Session ID: BAh7ByIKZmxhc2hJQzonQWN0aW9uQ29udHJvbGxlcjo6Rmxhc2g6OkZsYXNo%0ASGFzaHsABjoKQHVzZWR7ADoJdXNlcmkI--dba5de8f8fd1f3acf42368b0e55991961c0a6c0d
  Parameters: {"action"=>"index", "controller"=>"tasks"}
  [4;36;1mUser Columns (0.016000)[0m   [0;1mSHOW FIELDS FROM `users`[0m
  [4;35;1mUser Load (0.000000)[0m   [0mSELECT * FROM `users` WHERE (`users`.`id` = 3) LIMIT 1[0m
Completed in 0.04700 (21 reqs/sec) | DB: 0.00000 (0%) |  [http://localhosttasks/index]
  [4;36;1mTask Load (0.000000)[0m   [0;1mSELECT * FROM `tasks` WHERE (tasks.user_id = 3) [0m
  [4;35;1mTask Columns (0.015000)[0m   [0mSHOW FIELDS FROM `tasks`[0m
Sending data 
Completed in 0.07800 (12 reqs/sec) | Rendering: 0.00000 (0%) | DB: 0.01500 (19%) | 200 OK [http://localhosttasks/index]


Processing SessionsController#create (for 127.0.0.1 at 2007-11-20 08:55:28) [POST]
  Session ID: BAh7ByIKZmxhc2hJQzonQWN0aW9uQ29udHJvbGxlcjo6Rmxhc2g6OkZsYXNo%0ASGFzaHsABjoKQHVzZWR7ADoJdXNlcmkI--dba5de8f8fd1f3acf42368b0e55991961c0a6c0d
  Parameters: {"format"=>"xml", "action"=>"create", "controller"=>"sessions", "password"=>"foooo", "login"=>"ludwig"}
  [4;36;1mUser Columns (0.015000)[0m   [0;1mSHOW FIELDS FROM `users`[0m
  [4;35;1mUser Load (0.000000)[0m   [0mSELECT * FROM `users` WHERE (`users`.`login` = 'ludwig') LIMIT 1[0m
Completed in 0.04700 (21 reqs/sec) | Rendering: 0.00000 (0%) | DB: 0.01500 (31%) | 200 OK [http://localhost/session.xml]


Processing RubyamfController#gateway (for 127.0.0.1 at 2007-11-20 08:55:29) [POST]
  Session ID: BAh7ByIKZmxhc2hJQzonQWN0aW9uQ29udHJvbGxlcjo6Rmxhc2g6OkZsYXNo%0ASGFzaHsABjoKQHVzZWR7ADoJdXNlcmkI--dba5de8f8fd1f3acf42368b0e55991961c0a6c0d
  Parameters: {"action"=>"gateway", "controller"=>"rubyamf"}
Sending data 
Completed in 0.00010 (10000 reqs/sec) | Rendering: 0.00000 (0%) | DB: 0.00000 (0%) | 200 OK [http://localhost/rubyamf/gateway]


Processing RubyamfController#gateway (for 127.0.0.1 at 2007-11-20 08:55:29) [POST]
  Session ID: BAh7ByIKZmxhc2hJQzonQWN0aW9uQ29udHJvbGxlcjo6Rmxhc2g6OkZsYXNo%0ASGFzaHsABjoKQHVzZWR7ADoJdXNlcmkI--dba5de8f8fd1f3acf42368b0e55991961c0a6c0d
  Parameters: {"action"=>"gateway", "controller"=>"rubyamf"}


Processing NotesController#show (for 127.0.0.1 at 2007-11-20 08:55:29) [POST]
  Session ID: BAh7ByIKZmxhc2hJQzonQWN0aW9uQ29udHJvbGxlcjo6Rmxhc2g6OkZsYXNo%0ASGFzaHsABjoKQHVzZWR7ADoJdXNlcmkI--dba5de8f8fd1f3acf42368b0e55991961c0a6c0d
  Parameters: {"action"=>"show", "controller"=>"notes"}
  [4;36;1mUser Columns (0.016000)[0m   [0;1mSHOW FIELDS FROM `users`[0m
  [4;35;1mUser Load (0.015000)[0m   [0mSELECT * FROM `users` WHERE (`users`.`id` = 3) LIMIT 1[0m
  [4;36;1mNote Load (0.000000)[0m   [0;1mSELECT * FROM `notes` WHERE (notes.user_id = 3) LIMIT 1[0m
Completed in 0.06300 (15 reqs/sec) | DB: 0.00000 (0%) |  [http://localhostnotes/show]


Processing ProjectsController#index (for 127.0.0.1 at 2007-11-20 08:55:29) [POST]
  Session ID: BAh7ByIKZmxhc2hJQzonQWN0aW9uQ29udHJvbGxlcjo6Rmxhc2g6OkZsYXNo%0ASGFzaHsABjoKQHVzZWR7ADoJdXNlcmkI--dba5de8f8fd1f3acf42368b0e55991961c0a6c0d
  Parameters: {"action"=>"index", "controller"=>"projects"}
  [4;35;1mUser Load (0.000000)[0m   [0mSELECT * FROM `users` WHERE (`users`.`id` = 3) LIMIT 1[0m
Completed in 0.01600 (62 reqs/sec) | DB: 0.00000 (0%) |  [http://localhostprojects/index]
  [4;36;1mProject Load (0.000000)[0m   [0;1mSELECT * FROM `projects` WHERE (projects.user_id = 3) [0m


Processing LocationsController#index (for 127.0.0.1 at 2007-11-20 08:55:29) [POST]
  Session ID: BAh7ByIKZmxhc2hJQzonQWN0aW9uQ29udHJvbGxlcjo6Rmxhc2g6OkZsYXNo%0ASGFzaHsABjoKQHVzZWR7ADoJdXNlcmkI--dba5de8f8fd1f3acf42368b0e55991961c0a6c0d
  Parameters: {"action"=>"index", "controller"=>"locations"}
  [4;35;1mUser Load (0.000000)[0m   [0mSELECT * FROM `users` WHERE (`users`.`id` = 3) LIMIT 1[0m
Completed in 0.01600 (62 reqs/sec) | DB: 0.00000 (0%) |  [http://localhostlocations/index]
  [4;36;1mLocation Load (0.000000)[0m   [0;1mSELECT * FROM `locations` WHERE (locations.user_id = 3) [0m
  [4;35;1mNote Columns (0.000000)[0m   [0mSHOW FIELDS FROM `notes`[0m
  [4;36;1mProject Columns (0.015000)[0m   [0;1mSHOW FIELDS FROM `projects`[0m
  [4;35;1mLocation Columns (0.016000)[0m   [0mSHOW FIELDS FROM `locations`[0m
Sending data 
Completed in 0.20300 (4 reqs/sec) | Rendering: 0.00000 (0%) | DB: 0.03100 (15%) | 200 OK [http://localhostlocations/index]


Processing RubyamfController#gateway (for 127.0.0.1 at 2007-11-20 08:55:29) [POST]
  Session ID: BAh7ByIKZmxhc2hJQzonQWN0aW9uQ29udHJvbGxlcjo6Rmxhc2g6OkZsYXNo%0ASGFzaHsABjoKQHVzZWR7ADoJdXNlcmkI--dba5de8f8fd1f3acf42368b0e55991961c0a6c0d
  Parameters: {"action"=>"gateway", "controller"=>"rubyamf"}


Processing TasksController#index (for 127.0.0.1 at 2007-11-20 08:55:29) [POST]
  Session ID: BAh7ByIKZmxhc2hJQzonQWN0aW9uQ29udHJvbGxlcjo6Rmxhc2g6OkZsYXNo%0ASGFzaHsABjoKQHVzZWR7ADoJdXNlcmkI--dba5de8f8fd1f3acf42368b0e55991961c0a6c0d
  Parameters: {"action"=>"index", "controller"=>"tasks"}
  [4;36;1mUser Columns (0.015000)[0m   [0;1mSHOW FIELDS FROM `users`[0m
  [4;35;1mUser Load (0.000000)[0m   [0mSELECT * FROM `users` WHERE (`users`.`id` = 3) LIMIT 1[0m
Completed in 0.18800 (5 reqs/sec) | DB: 0.00000 (0%) |  [http://localhosttasks/index]
  [4;36;1mTask Load (0.000000)[0m   [0;1mSELECT * FROM `tasks` WHERE (tasks.user_id = 3) [0m
  [4;35;1mTask Columns (0.016000)[0m   [0mSHOW FIELDS FROM `tasks`[0m
Sending data 
Completed in 0.21900 (4 reqs/sec) | Rendering: 0.00000 (0%) | DB: 0.01600 (7%) | 200 OK [http://localhosttasks/index]


Processing RubyamfController#gateway (for 127.0.0.1 at 2007-11-20 08:55:38) [POST]
  Session ID: BAh7ByIKZmxhc2hJQzonQWN0aW9uQ29udHJvbGxlcjo6Rmxhc2g6OkZsYXNo%0ASGFzaHsABjoKQHVzZWR7ADoJdXNlcmkI--dba5de8f8fd1f3acf42368b0e55991961c0a6c0d
  Parameters: {"action"=>"gateway", "controller"=>"rubyamf"}
  [4;36;1mNote Columns (0.000000)[0m   [0;1mSHOW FIELDS FROM `notes`[0m


Processing NotesController#update (for 127.0.0.1 at 2007-11-20 08:55:38) [POST]
  Session ID: BAh7ByIKZmxhc2hJQzonQWN0aW9uQ29udHJvbGxlcjo6Rmxhc2g6OkZsYXNo%0ASGFzaHsABjoKQHVzZWR7ADoJdXNlcmkI--dba5de8f8fd1f3acf42368b0e55991961c0a6c0d
  Parameters: {0=>#<Note id: nil, user_id: nil, content: "Ludwig's noteshuhaoeshueotanshn", created_at: nil, updated_at: nil>, "action"=>"update", "controller"=>"notes"}
  [4;35;1mUser Columns (0.015000)[0m   [0mSHOW FIELDS FROM `users`[0m
  [4;36;1mUser Load (0.000000)[0m   [0;1mSELECT * FROM `users` WHERE (`users`.`id` = 3) LIMIT 1[0m
  [4;35;1mNote Load (0.016000)[0m   [0mSELECT * FROM `notes` WHERE (notes.user_id = 3) LIMIT 1[0m
  [4;36;1mSQL (0.000000)[0m   [0;1mBEGIN[0m
  [4;35;1mNote Update (0.000000)[0m   [0mUPDATE `notes` SET `created_at` = NULL, `content` = 'Ludwig\'s noteshuhaoeshueotanshn', `user_id` = 3, `updated_at` = '2007-11-20 08:55:39' WHERE `id` = 3[0m
  [4;36;1mSQL (0.062000)[0m   [0;1mCOMMIT[0m
Completed in 0.10900 (9 reqs/sec) | DB: 0.00000 (0%) |  [http://localhostnotes/update]
Sending data 
Completed in 0.14000 (7 reqs/sec) | Rendering: 0.00000 (0%) | DB: 0.00000 (0%) | 200 OK [http://localhostnotes/update]


Processing RubyamfController#gateway (for 127.0.0.1 at 2007-11-20 08:55:51) [POST]
  Session ID: BAh7ByIKZmxhc2hJQzonQWN0aW9uQ29udHJvbGxlcjo6Rmxhc2g6OkZsYXNo%0ASGFzaHsABjoKQHVzZWR7ADoJdXNlcmkI--dba5de8f8fd1f3acf42368b0e55991961c0a6c0d
  Parameters: {"action"=>"gateway", "controller"=>"rubyamf"}
  [4;35;1mProject Columns (0.016000)[0m   [0mSHOW FIELDS FROM `projects`[0m


Processing ProjectsController#create (for 127.0.0.1 at 2007-11-20 08:55:51) [POST]
  Session ID: BAh7ByIKZmxhc2hJQzonQWN0aW9uQ29udHJvbGxlcjo6Rmxhc2g6OkZsYXNo%0ASGFzaHsABjoKQHVzZWR7ADoJdXNlcmkI--dba5de8f8fd1f3acf42368b0e55991961c0a6c0d
  Parameters: {0=>#<Project id: nil, user_id: nil, name: "uff", notes: "da", completed: false, created_at: nil, updated_at: nil>, "action"=>"create", "controller"=>"projects"}
  [4;36;1mUser Columns (0.000000)[0m   [0;1mSHOW FIELDS FROM `users`[0m
  [4;35;1mUser Load (0.016000)[0m   [0mSELECT * FROM `users` WHERE (`users`.`id` = 3) LIMIT 1[0m
  [4;36;1mSQL (0.000000)[0m   [0;1mBEGIN[0m
  [4;35;1mProject Create (0.000000)[0m   [0mINSERT INTO `projects` (`completed`, `name`, `updated_at`, `notes`, `user_id`, `created_at`) VALUES(0, 'uff', '2007-11-20 08:55:51', 'da', 3, '2007-11-20 08:55:51')[0m
  [4;36;1mSQL (0.125000)[0m   [0;1mCOMMIT[0m
Completed in 0.17200 (5 reqs/sec) | DB: 0.00000 (0%) |  [http://localhostprojects/create]
Sending data 
Completed in 0.21800 (4 reqs/sec) | Rendering: 0.00000 (0%) | DB: 0.00000 (0%) | 200 OK [http://localhostprojects/create]


Processing RubyamfController#gateway (for 127.0.0.1 at 2007-11-20 08:55:51) [POST]
  Session ID: BAh7ByIKZmxhc2hJQzonQWN0aW9uQ29udHJvbGxlcjo6Rmxhc2g6OkZsYXNo%0ASGFzaHsABjoKQHVzZWR7ADoJdXNlcmkI--dba5de8f8fd1f3acf42368b0e55991961c0a6c0d
  Parameters: {"action"=>"gateway", "controller"=>"rubyamf"}


Processing ProjectsController#index (for 127.0.0.1 at 2007-11-20 08:55:51) [POST]
  Session ID: BAh7ByIKZmxhc2hJQzonQWN0aW9uQ29udHJvbGxlcjo6Rmxhc2g6OkZsYXNo%0ASGFzaHsABjoKQHVzZWR7ADoJdXNlcmkI--dba5de8f8fd1f3acf42368b0e55991961c0a6c0d
  Parameters: {"action"=>"index", "controller"=>"projects"}
  [4;35;1mUser Columns (0.000000)[0m   [0mSHOW FIELDS FROM `users`[0m
  [4;36;1mUser Load (0.016000)[0m   [0;1mSELECT * FROM `users` WHERE (`users`.`id` = 3) LIMIT 1[0m
Completed in 0.29600 (3 reqs/sec) | DB: 0.00000 (0%) |  [http://localhostprojects/index]
  [4;35;1mProject Load (0.000000)[0m   [0mSELECT * FROM `projects` WHERE (projects.user_id = 3) [0m
  [4;36;1mProject Columns (0.016000)[0m   [0;1mSHOW FIELDS FROM `projects`[0m
Sending data 
Completed in 0.40600 (2 reqs/sec) | Rendering: 0.00000 (0%) | DB: 0.01600 (3%) | 200 OK [http://localhostprojects/index]


Processing RubyamfController#gateway (for 127.0.0.1 at 2007-11-20 08:55:52) [POST]
  Session ID: BAh7ByIKZmxhc2hJQzonQWN0aW9uQ29udHJvbGxlcjo6Rmxhc2g6OkZsYXNo%0ASGFzaHsABjoKQHVzZWR7ADoJdXNlcmkI--dba5de8f8fd1f3acf42368b0e55991961c0a6c0d
  Parameters: {"action"=>"gateway", "controller"=>"rubyamf"}


Processing TasksController#index (for 127.0.0.1 at 2007-11-20 08:55:52) [POST]
  Session ID: BAh7ByIKZmxhc2hJQzonQWN0aW9uQ29udHJvbGxlcjo6Rmxhc2g6OkZsYXNo%0ASGFzaHsABjoKQHVzZWR7ADoJdXNlcmkI--dba5de8f8fd1f3acf42368b0e55991961c0a6c0d
  Parameters: {"action"=>"index", "controller"=>"tasks"}
  [4;35;1mUser Columns (0.031000)[0m   [0mSHOW FIELDS FROM `users`[0m
  [4;36;1mUser Load (0.000000)[0m   [0;1mSELECT * FROM `users` WHERE (`users`.`id` = 3) LIMIT 1[0m
Completed in 0.07800 (12 reqs/sec) | DB: 0.00000 (0%) |  [http://localhosttasks/index]
  [4;35;1mTask Load (0.015000)[0m   [0mSELECT * FROM `tasks` WHERE (tasks.user_id = 3) [0m
  [4;36;1mTask Columns (0.000000)[0m   [0;1mSHOW FIELDS FROM `tasks`[0m
Sending data 
Completed in 0.12500 (8 reqs/sec) | Rendering: 0.00000 (0%) | DB: 0.01500 (11%) | 200 OK [http://localhosttasks/index]


Processing RubyamfController#gateway (for 127.0.0.1 at 2007-11-20 08:56:01) [POST]
  Session ID: BAh7ByIKZmxhc2hJQzonQWN0aW9uQ29udHJvbGxlcjo6Rmxhc2g6OkZsYXNo%0ASGFzaHsABjoKQHVzZWR7ADoJdXNlcmkI--dba5de8f8fd1f3acf42368b0e55991961c0a6c0d
  Parameters: {"action"=>"gateway", "controller"=>"rubyamf"}
  [4;35;1mTask Columns (0.000000)[0m   [0mSHOW FIELDS FROM `tasks`[0m


Processing TasksController#update (for 127.0.0.1 at 2007-11-20 08:56:01) [POST]
  Session ID: BAh7ByIKZmxhc2hJQzonQWN0aW9uQ29udHJvbGxlcjo6Rmxhc2g6OkZsYXNo%0ASGFzaHsABjoKQHVzZWR7ADoJdXNlcmkI--dba5de8f8fd1f3acf42368b0e55991961c0a6c0d
  Parameters: {0=>#<Task id: 8, project_id: 5, location_id: 2, name: "boo", notes: "yeah", next_action: false, completed: true>, "action"=>"update", "controller"=>"tasks"}
  [4;36;1mUser Columns (0.016000)[0m   [0;1mSHOW FIELDS FROM `users`[0m
  [4;35;1mUser Load (0.000000)[0m   [0mSELECT * FROM `users` WHERE (`users`.`id` = 3) LIMIT 1[0m
  [4;36;1mTask Load (0.000000)[0m   [0;1mSELECT * FROM `tasks` WHERE (`tasks`.`id` = 8 AND (tasks.user_id = 3)) [0m
  [4;35;1mProject Columns (0.000000)[0m   [0mSHOW FIELDS FROM `projects`[0m
  [4;36;1mProject Load (0.016000)[0m   [0;1mSELECT * FROM `projects` WHERE (`projects`.`id` = 5) [0m
  [4;35;1mTask Load (0.000000)[0m   [0mSELECT * FROM `tasks` WHERE (tasks.project_id = 5 AND (next_action='1')) LIMIT 1[0m
  [4;36;1mSQL (0.000000)[0m   [0;1mBEGIN[0m
  [4;35;1mTask Update (0.000000)[0m   [0mUPDATE `tasks` SET `created_at` = '2007-11-20 08:55:04', `next_action` = 0, `notes` = 'yeah', `location_id` = 2, `user_id` = 3, `updated_at` = '2007-11-20 08:56:01', `project_id` = 5, `name` = 'boo', `completed` = 1 WHERE `id` = 8[0m
  [4;36;1mSQL (0.047000)[0m   [0;1mCOMMIT[0m
Completed in 0.17200 (5 reqs/sec) | DB: 0.00000 (0%) |  [http://localhosttasks/update]
Sending data 
Completed in 0.20300 (4 reqs/sec) | Rendering: 0.00000 (0%) | DB: 0.00000 (0%) | 200 OK [http://localhosttasks/update]


Processing RubyamfController#gateway (for 127.0.0.1 at 2007-11-20 08:56:01) [POST]
  Session ID: BAh7ByIKZmxhc2hJQzonQWN0aW9uQ29udHJvbGxlcjo6Rmxhc2g6OkZsYXNo%0ASGFzaHsABjoKQHVzZWR7ADoJdXNlcmkI--dba5de8f8fd1f3acf42368b0e55991961c0a6c0d
  Parameters: {"action"=>"gateway", "controller"=>"rubyamf"}


Processing ProjectsController#index (for 127.0.0.1 at 2007-11-20 08:56:01) [POST]
  Session ID: BAh7ByIKZmxhc2hJQzonQWN0aW9uQ29udHJvbGxlcjo6Rmxhc2g6OkZsYXNo%0ASGFzaHsABjoKQHVzZWR7ADoJdXNlcmkI--dba5de8f8fd1f3acf42368b0e55991961c0a6c0d
  Parameters: {"action"=>"index", "controller"=>"projects"}
  [4;35;1mUser Columns (0.016000)[0m   [0mSHOW FIELDS FROM `users`[0m
  [4;36;1mUser Load (0.000000)[0m   [0;1mSELECT * FROM `users` WHERE (`users`.`id` = 3) LIMIT 1[0m
Completed in 0.17200 (5 reqs/sec) | DB: 0.00000 (0%) |  [http://localhostprojects/index]
  [4;35;1mProject Load (0.015000)[0m   [0mSELECT * FROM `projects` WHERE (projects.user_id = 3) [0m
  [4;36;1mProject Columns (0.000000)[0m   [0;1mSHOW FIELDS FROM `projects`[0m
Sending data 
Completed in 0.29700 (3 reqs/sec) | Rendering: 0.00000 (0%) | DB: 0.01500 (5%) | 200 OK [http://localhostprojects/index]


Processing RubyamfController#gateway (for 127.0.0.1 at 2007-11-20 08:56:02) [POST]
  Session ID: BAh7ByIKZmxhc2hJQzonQWN0aW9uQ29udHJvbGxlcjo6Rmxhc2g6OkZsYXNo%0ASGFzaHsABjoKQHVzZWR7ADoJdXNlcmkI--dba5de8f8fd1f3acf42368b0e55991961c0a6c0d
  Parameters: {"action"=>"gateway", "controller"=>"rubyamf"}


Processing TasksController#index (for 127.0.0.1 at 2007-11-20 08:56:02) [POST]
  Session ID: BAh7ByIKZmxhc2hJQzonQWN0aW9uQ29udHJvbGxlcjo6Rmxhc2g6OkZsYXNo%0ASGFzaHsABjoKQHVzZWR7ADoJdXNlcmkI--dba5de8f8fd1f3acf42368b0e55991961c0a6c0d
  Parameters: {"action"=>"index", "controller"=>"tasks"}
  [4;35;1mUser Columns (0.016000)[0m   [0mSHOW FIELDS FROM `users`[0m
  [4;36;1mUser Load (0.000000)[0m   [0;1mSELECT * FROM `users` WHERE (`users`.`id` = 3) LIMIT 1[0m
Completed in 0.06300 (15 reqs/sec) | DB: 0.00000 (0%) |  [http://localhosttasks/index]
  [4;35;1mTask Load (0.000000)[0m   [0mSELECT * FROM `tasks` WHERE (tasks.user_id = 3) [0m
  [4;36;1mTask Columns (0.015000)[0m   [0;1mSHOW FIELDS FROM `tasks`[0m
Sending data 
Completed in 0.07800 (12 reqs/sec) | Rendering: 0.00000 (0%) | DB: 0.01500 (19%) | 200 OK [http://localhosttasks/index]


Processing RubyamfController#gateway (for 127.0.0.1 at 2007-11-20 08:56:06) [POST]
  Session ID: BAh7ByIKZmxhc2hJQzonQWN0aW9uQ29udHJvbGxlcjo6Rmxhc2g6OkZsYXNo%0ASGFzaHsABjoKQHVzZWR7ADoJdXNlcmkI--dba5de8f8fd1f3acf42368b0e55991961c0a6c0d
  Parameters: {"action"=>"gateway", "controller"=>"rubyamf"}
  [4;35;1mTask Columns (0.062000)[0m   [0mSHOW FIELDS FROM `tasks`[0m


Processing TasksController#update (for 127.0.0.1 at 2007-11-20 08:56:07) [POST]
  Session ID: BAh7ByIKZmxhc2hJQzonQWN0aW9uQ29udHJvbGxlcjo6Rmxhc2g6OkZsYXNo%0ASGFzaHsABjoKQHVzZWR7ADoJdXNlcmkI--dba5de8f8fd1f3acf42368b0e55991961c0a6c0d
  Parameters: {0=>#<Task id: 2, project_id: 1, location_id: 1, name: "Finish ninth symphony", notes: "Ode to beer maybe?  Ode to cheese?", next_action: false, completed: false>, "action"=>"update", "controller"=>"tasks"}
  [4;36;1mUser Columns (0.000000)[0m   [0;1mSHOW FIELDS FROM `users`[0m
  [4;35;1mUser Load (0.000000)[0m   [0mSELECT * FROM `users` WHERE (`users`.`id` = 3) LIMIT 1[0m
  [4;36;1mTask Load (0.000000)[0m   [0;1mSELECT * FROM `tasks` WHERE (`tasks`.`id` = 2 AND (tasks.user_id = 3)) [0m
  [4;35;1mProject Columns (0.000000)[0m   [0mSHOW FIELDS FROM `projects`[0m
  [4;36;1mProject Load (0.000000)[0m   [0;1mSELECT * FROM `projects` WHERE (`projects`.`id` = 1) [0m
  [4;35;1mTask Load (0.000000)[0m   [0mSELECT * FROM `tasks` WHERE (tasks.project_id = 1 AND (next_action='1')) LIMIT 1[0m
  [4;36;1mSQL (0.015000)[0m   [0;1mBEGIN[0m
  [4;35;1mTask Update (0.000000)[0m   [0mUPDATE `tasks` SET `created_at` = NULL, `next_action` = 0, `notes` = 'Ode to beer maybe? Ode to cheese?', `location_id` = 1, `user_id` = 3, `updated_at` = '2007-11-20 08:56:07', `project_id` = 1, `name` = 'Finish ninth symphony', `completed` = 0 WHERE `id` = 2[0m
  [4;36;1mSQL (0.110000)[0m   [0;1mCOMMIT[0m
Completed in 0.20300 (4 reqs/sec) | DB: 0.00000 (0%) |  [http://localhosttasks/update]
Sending data 
Completed in 0.28100 (3 reqs/sec) | Rendering: 0.00000 (0%) | DB: 0.00000 (0%) | 200 OK [http://localhosttasks/update]


Processing RubyamfController#gateway (for 127.0.0.1 at 2007-11-20 08:56:07) [POST]
  Session ID: BAh7ByIKZmxhc2hJQzonQWN0aW9uQ29udHJvbGxlcjo6Rmxhc2g6OkZsYXNo%0ASGFzaHsABjoKQHVzZWR7ADoJdXNlcmkI--dba5de8f8fd1f3acf42368b0e55991961c0a6c0d
  Parameters: {"action"=>"gateway", "controller"=>"rubyamf"}


Processing ProjectsController#index (for 127.0.0.1 at 2007-11-20 08:56:07) [POST]
  Session ID: BAh7ByIKZmxhc2hJQzonQWN0aW9uQ29udHJvbGxlcjo6Rmxhc2g6OkZsYXNo%0ASGFzaHsABjoKQHVzZWR7ADoJdXNlcmkI--dba5de8f8fd1f3acf42368b0e55991961c0a6c0d
  Parameters: {"action"=>"index", "controller"=>"projects"}
  [4;35;1mUser Columns (0.016000)[0m   [0mSHOW FIELDS FROM `users`[0m
  [4;36;1mUser Load (0.016000)[0m   [0;1mSELECT * FROM `users` WHERE (`users`.`id` = 3) LIMIT 1[0m
Completed in 0.12500 (8 reqs/sec) | DB: 0.00000 (0%) |  [http://localhostprojects/index]
  [4;35;1mProject Load (0.000000)[0m   [0mSELECT * FROM `projects` WHERE (projects.user_id = 3) [0m
  [4;36;1mProject Columns (0.016000)[0m   [0;1mSHOW FIELDS FROM `projects`[0m
Sending data 
Completed in 0.42200 (2 reqs/sec) | Rendering: 0.00000 (0%) | DB: 0.01600 (3%) | 200 OK [http://localhostprojects/index]


Processing RubyamfController#gateway (for 127.0.0.1 at 2007-11-20 08:56:08) [POST]
  Session ID: BAh7ByIKZmxhc2hJQzonQWN0aW9uQ29udHJvbGxlcjo6Rmxhc2g6OkZsYXNo%0ASGFzaHsABjoKQHVzZWR7ADoJdXNlcmkI--dba5de8f8fd1f3acf42368b0e55991961c0a6c0d
  Parameters: {"action"=>"gateway", "controller"=>"rubyamf"}


Processing TasksController#index (for 127.0.0.1 at 2007-11-20 08:56:08) [POST]
  Session ID: BAh7ByIKZmxhc2hJQzonQWN0aW9uQ29udHJvbGxlcjo6Rmxhc2g6OkZsYXNo%0ASGFzaHsABjoKQHVzZWR7ADoJdXNlcmkI--dba5de8f8fd1f3acf42368b0e55991961c0a6c0d
  Parameters: {"action"=>"index", "controller"=>"tasks"}
  [4;35;1mUser Columns (0.016000)[0m   [0mSHOW FIELDS FROM `users`[0m
  [4;36;1mUser Load (0.000000)[0m   [0;1mSELECT * FROM `users` WHERE (`users`.`id` = 3) LIMIT 1[0m
Completed in 0.04700 (21 reqs/sec) | DB: 0.00000 (0%) |  [http://localhosttasks/index]
  [4;35;1mTask Load (0.015000)[0m   [0mSELECT * FROM `tasks` WHERE (tasks.user_id = 3) [0m
  [4;36;1mTask Columns (0.000000)[0m   [0;1mSHOW FIELDS FROM `tasks`[0m
Sending data 
Completed in 0.07800 (12 reqs/sec) | Rendering: 0.00000 (0%) | DB: 0.01500 (19%) | 200 OK [http://localhosttasks/index]


Processing RubyamfController#gateway (for 127.0.0.1 at 2007-11-20 08:56:09) [POST]
  Session ID: BAh7ByIKZmxhc2hJQzonQWN0aW9uQ29udHJvbGxlcjo6Rmxhc2g6OkZsYXNo%0ASGFzaHsABjoKQHVzZWR7ADoJdXNlcmkI--dba5de8f8fd1f3acf42368b0e55991961c0a6c0d
  Parameters: {"action"=>"gateway", "controller"=>"rubyamf"}
  [4;35;1mProject Columns (0.032000)[0m   [0mSHOW FIELDS FROM `projects`[0m


Processing ProjectsController#update (for 127.0.0.1 at 2007-11-20 08:56:09) [POST]
  Session ID: BAh7ByIKZmxhc2hJQzonQWN0aW9uQ29udHJvbGxlcjo6Rmxhc2g6OkZsYXNo%0ASGFzaHsABjoKQHVzZWR7ADoJdXNlcmkI--dba5de8f8fd1f3acf42368b0e55991961c0a6c0d
  Parameters: {0=>#<Project id: 1, name: "Music", notes: "I don't need any notes; I'm Beethoven!", completed: true>, "action"=>"update", "controller"=>"projects"}
  [4;36;1mUser Columns (0.000000)[0m   [0;1mSHOW FIELDS FROM `users`[0m
  [4;35;1mUser Load (0.000000)[0m   [0mSELECT * FROM `users` WHERE (`users`.`id` = 3) LIMIT 1[0m
  [4;36;1mProject Load (0.000000)[0m   [0;1mSELECT * FROM `projects` WHERE (`projects`.`id` = 1 AND (projects.user_id = 3)) [0m
  [4;35;1mSQL (0.000000)[0m   [0mBEGIN[0m
  [4;36;1mTask Update (0.000000)[0m   [0;1mUPDATE tasks SET `completed` = 1 WHERE (tasks.project_id = 1) [0m
  [4;35;1mTask Load (0.000000)[0m   [0mSELECT * FROM `tasks` WHERE (tasks.project_id = 1 AND (next_action='1')) LIMIT 1[0m
  [4;36;1mTask Load (0.000000)[0m   [0;1mSELECT * FROM `tasks` WHERE (tasks.project_id = 1) [0m
  [4;35;1mProject Update (0.000000)[0m   [0mUPDATE `projects` SET `created_at` = NULL, `notes` = 'I don\'t need any notes; I\'m Beethoven!', `user_id` = 3, `updated_at` = '2007-11-20 08:56:09', `name` = 'Music', `completed` = 1 WHERE `id` = 1[0m
  [4;36;1mSQL (0.078000)[0m   [0;1mCOMMIT[0m
Completed in 0.14100 (7 reqs/sec) | DB: 0.00000 (0%) |  [http://localhostprojects/update]
Sending data 
Completed in 0.21800 (4 reqs/sec) | Rendering: 0.00000 (0%) | DB: 0.00000 (0%) | 200 OK [http://localhostprojects/update]


Processing RubyamfController#gateway (for 127.0.0.1 at 2007-11-20 08:56:10) [POST]
  Session ID: BAh7ByIKZmxhc2hJQzonQWN0aW9uQ29udHJvbGxlcjo6Rmxhc2g6OkZsYXNo%0ASGFzaHsABjoKQHVzZWR7ADoJdXNlcmkI--dba5de8f8fd1f3acf42368b0e55991961c0a6c0d
  Parameters: {"action"=>"gateway", "controller"=>"rubyamf"}


Processing TasksController#index (for 127.0.0.1 at 2007-11-20 08:56:10) [POST]
  Session ID: BAh7ByIKZmxhc2hJQzonQWN0aW9uQ29udHJvbGxlcjo6Rmxhc2g6OkZsYXNo%0ASGFzaHsABjoKQHVzZWR7ADoJdXNlcmkI--dba5de8f8fd1f3acf42368b0e55991961c0a6c0d
  Parameters: {"action"=>"index", "controller"=>"tasks"}
  [4;35;1mUser Columns (0.016000)[0m   [0mSHOW FIELDS FROM `users`[0m
  [4;36;1mUser Load (0.000000)[0m   [0;1mSELECT * FROM `users` WHERE (`users`.`id` = 3) LIMIT 1[0m
Completed in 0.04700 (21 reqs/sec) | DB: 0.00000 (0%) |  [http://localhosttasks/index]
  [4;35;1mTask Load (0.000000)[0m   [0mSELECT * FROM `tasks` WHERE (tasks.user_id = 3) [0m


Processing ProjectsController#index (for 127.0.0.1 at 2007-11-20 08:56:10) [POST]
  Session ID: BAh7ByIKZmxhc2hJQzonQWN0aW9uQ29udHJvbGxlcjo6Rmxhc2g6OkZsYXNo%0ASGFzaHsABjoKQHVzZWR7ADoJdXNlcmkI--dba5de8f8fd1f3acf42368b0e55991961c0a6c0d
  Parameters: {"action"=>"index", "controller"=>"projects"}
  [4;36;1mUser Load (0.000000)[0m   [0;1mSELECT * FROM `users` WHERE (`users`.`id` = 3) LIMIT 1[0m
Completed in 0.03100 (32 reqs/sec) | DB: 0.00000 (0%) |  [http://localhostprojects/index]
  [4;35;1mProject Load (0.000000)[0m   [0mSELECT * FROM `projects` WHERE (projects.user_id = 3) [0m
  [4;36;1mTask Columns (0.000000)[0m   [0;1mSHOW FIELDS FROM `tasks`[0m
  [4;35;1mProject Columns (0.000000)[0m   [0mSHOW FIELDS FROM `projects`[0m
Sending data 
Completed in 0.12500 (8 reqs/sec) | Rendering: 0.00000 (0%) | DB: 0.00000 (0%) | 200 OK [http://localhostprojects/index]


Processing RubyamfController#gateway (for 127.0.0.1 at 2007-11-20 08:56:10) [POST]
  Session ID: BAh7ByIKZmxhc2hJQzonQWN0aW9uQ29udHJvbGxlcjo6Rmxhc2g6OkZsYXNo%0ASGFzaHsABjoKQHVzZWR7ADoJdXNlcmkI--dba5de8f8fd1f3acf42368b0e55991961c0a6c0d
  Parameters: {"action"=>"gateway", "controller"=>"rubyamf"}


Processing TasksController#index (for 127.0.0.1 at 2007-11-20 08:56:10) [POST]
  Session ID: BAh7ByIKZmxhc2hJQzonQWN0aW9uQ29udHJvbGxlcjo6Rmxhc2g6OkZsYXNo%0ASGFzaHsABjoKQHVzZWR7ADoJdXNlcmkI--dba5de8f8fd1f3acf42368b0e55991961c0a6c0d
  Parameters: {"action"=>"index", "controller"=>"tasks"}
  [4;36;1mUser Columns (0.016000)[0m   [0;1mSHOW FIELDS FROM `users`[0m
  [4;35;1mUser Load (0.000000)[0m   [0mSELECT * FROM `users` WHERE (`users`.`id` = 3) LIMIT 1[0m
Completed in 0.04700 (21 reqs/sec) | DB: 0.00000 (0%) |  [http://localhosttasks/index]
  [4;36;1mTask Load (0.000000)[0m   [0;1mSELECT * FROM `tasks` WHERE (tasks.user_id = 3) [0m
  [4;35;1mTask Columns (0.016000)[0m   [0mSHOW FIELDS FROM `tasks`[0m
Sending data 
Completed in 0.10900 (9 reqs/sec) | Rendering: 0.00000 (0%) | DB: 0.01600 (14%) | 200 OK [http://localhosttasks/index]
WARNING: You're using the Ruby-based MySQL library that ships with Rails. This library is not suited for production. Please install the C-based MySQL library instead (gem install mysql).
WARNING: You're using the Ruby-based MySQL library that ships with Rails. This library is not suited for production. Please install the C-based MySQL library instead (gem install mysql).
  [4;36;1mSQL (0.062000)[0m   [0;1mSET NAMES 'utf8'[0m
  [4;35;1mSQL (0.024000)[0m   [0mSET SQL_AUTO_IS_NULL=0[0m
  [4;36;1mTask Columns (0.000000)[0m   [0;1mMysql::Error: #42S02Table 'pomodo_development.tasks' doesn't exist: SHOW FIELDS FROM `tasks`[0m
  [4;35;1mProject Columns (0.000000)[0m   [0mMysql::Error: #42S02Table 'pomodo_development.projects' doesn't exist: SHOW FIELDS FROM `projects`[0m
  [4;36;1mLocation Columns (0.000000)[0m   [0;1mMysql::Error: #42S02Table 'pomodo_development.locations' doesn't exist: SHOW FIELDS FROM `locations`[0m
  [4;35;1mNote Columns (0.000000)[0m   [0mMysql::Error: #42S02Table 'pomodo_development.notes' doesn't exist: SHOW FIELDS FROM `notes`[0m
  [4;36;1mSQL (0.346000)[0m   [0;1mCREATE TABLE `schema_info` (version int(11))[0m
  [4;35;1mSQL (0.043000)[0m   [0mINSERT INTO `schema_info` (version) VALUES(0)[0m
  [4;36;1mSQL (0.000000)[0m   [0;1mMysql::Error: #42S01Table 'schema_info' already exists: CREATE TABLE `schema_info` (version int(11))[0m
  [4;35;1mSQL (0.001000)[0m   [0mSELECT version FROM schema_info[0m
Migrating to CreateUsers (1)
  [4;36;1mSQL (0.000000)[0m   [0;1mMysql::Error: #42S02Unknown table 'users': DROP TABLE `users`[0m
  [4;35;1mSQL (0.015000)[0m   [0mCREATE TABLE `users` (`id` int(11) DEFAULT NULL auto_increment PRIMARY KEY, `login` varchar(255) DEFAULT NULL, `email` varchar(255) DEFAULT NULL, `first_name` varchar(80) DEFAULT NULL, `last_name` varchar(80) DEFAULT NULL, `crypted_password` varchar(40) DEFAULT NULL, `salt` varchar(40) DEFAULT NULL, `created_at` datetime DEFAULT NULL, `updated_at` datetime DEFAULT NULL, `remember_token` varchar(255) DEFAULT NULL, `remember_token_expires_at` datetime DEFAULT NULL) ENGINE=InnoDB[0m
  [4;36;1mSQL (0.002000)[0m   [0;1mUPDATE schema_info SET version = 1[0m
  [4;35;1mSQL (0.001000)[0m   [0mSELECT version FROM schema_info[0m
Migrating to CreateTasks (2)
  [4;36;1mSQL (0.019000)[0m   [0;1mCREATE TABLE `tasks` (`id` int(11) DEFAULT NULL auto_increment PRIMARY KEY, `user_id` int(11) DEFAULT 0 NOT NULL, `project_id` int(11) DEFAULT NULL, `location_id` int(11) DEFAULT NULL, `name` varchar(100) DEFAULT '' NOT NULL, `notes` text DEFAULT NULL, `next_action` tinyint(1) DEFAULT 0 NOT NULL, `completed` tinyint(1) DEFAULT 0 NOT NULL, `created_at` datetime DEFAULT NULL, `updated_at` datetime DEFAULT NULL) ENGINE=InnoDB[0m
  [4;35;1mSQL (0.001000)[0m   [0mUPDATE schema_info SET version = 2[0m
  [4;36;1mSQL (0.000000)[0m   [0;1mSELECT version FROM schema_info[0m
Migrating to CreateProjects (3)
  [4;35;1mSQL (0.018000)[0m   [0mCREATE TABLE `projects` (`id` int(11) DEFAULT NULL auto_increment PRIMARY KEY, `user_id` int(11) DEFAULT 0 NOT NULL, `name` varchar(100) DEFAULT '' NOT NULL, `notes` text DEFAULT NULL, `completed` tinyint(1) DEFAULT 0 NOT NULL, `created_at` datetime DEFAULT NULL, `updated_at` datetime DEFAULT NULL) ENGINE=InnoDB[0m
  [4;36;1mSQL (0.001000)[0m   [0;1mUPDATE schema_info SET version = 3[0m
  [4;35;1mSQL (0.001000)[0m   [0mSELECT version FROM schema_info[0m
Migrating to CreateLocations (4)
  [4;36;1mSQL (0.015000)[0m   [0;1mCREATE TABLE `locations` (`id` int(11) DEFAULT NULL auto_increment PRIMARY KEY, `user_id` int(11) DEFAULT 0 NOT NULL, `name` varchar(100) DEFAULT '' NOT NULL, `notes` text DEFAULT NULL, `created_at` datetime DEFAULT NULL, `updated_at` datetime DEFAULT NULL) ENGINE=InnoDB[0m
  [4;35;1mSQL (0.002000)[0m   [0mUPDATE schema_info SET version = 4[0m
  [4;36;1mSQL (0.000000)[0m   [0;1mSELECT version FROM schema_info[0m
Migrating to CreateNotes (5)
  [4;35;1mSQL (0.099000)[0m   [0mCREATE TABLE `notes` (`id` int(11) DEFAULT NULL auto_increment PRIMARY KEY, `user_id` int(11) DEFAULT 0 NOT NULL, `content` text DEFAULT NULL, `created_at` datetime DEFAULT NULL, `updated_at` datetime DEFAULT NULL) ENGINE=InnoDB[0m
  [4;36;1mSQL (0.010000)[0m   [0;1mUPDATE schema_info SET version = 5[0m
  [4;35;1mSQL (0.001000)[0m   [0mSELECT * FROM schema_info[0m
  [4;36;1mSQL (0.022000)[0m   [0;1mSHOW TABLES[0m
  [4;35;1mSQL (0.006000)[0m   [0mSHOW FIELDS FROM `locations`[0m
  [4;36;1mSQL (0.022000)[0m   [0;1mdescribe `locations`[0m
  [4;35;1mSQL (0.003000)[0m   [0mSHOW KEYS FROM `locations`[0m
  [4;36;1mSQL (0.005000)[0m   [0;1mSHOW FIELDS FROM `notes`[0m
  [4;35;1mSQL (0.013000)[0m   [0mdescribe `notes`[0m
  [4;36;1mSQL (0.004000)[0m   [0;1mSHOW KEYS FROM `notes`[0m
  [4;35;1mSQL (0.008000)[0m   [0mSHOW FIELDS FROM `projects`[0m
  [4;36;1mSQL (0.006000)[0m   [0;1mdescribe `projects`[0m
  [4;35;1mSQL (0.004000)[0m   [0mSHOW KEYS FROM `projects`[0m
  [4;36;1mSQL (0.006000)[0m   [0;1mSHOW FIELDS FROM `tasks`[0m
  [4;35;1mSQL (0.010000)[0m   [0mdescribe `tasks`[0m
  [4;36;1mSQL (0.003000)[0m   [0;1mSHOW KEYS FROM `tasks`[0m
  [4;35;1mSQL (0.006000)[0m   [0mSHOW FIELDS FROM `users`[0m
  [4;36;1mSQL (0.008000)[0m   [0;1mdescribe `users`[0m
  [4;35;1mSQL (0.004000)[0m   [0mSHOW KEYS FROM `users`[0m
WARNING: You're using the Ruby-based MySQL library that ships with Rails. This library is not suited for production. Please install the C-based MySQL library instead (gem install mysql).
  [4;36;1mSQL (0.000000)[0m   [0;1mSET NAMES 'utf8'[0m
  [4;35;1mSQL (0.001000)[0m   [0mSET SQL_AUTO_IS_NULL=0[0m
  [4;36;1mTask Columns (0.006000)[0m   [0;1mSHOW FIELDS FROM `tasks`[0m
  [4;35;1mProject Columns (0.005000)[0m   [0mSHOW FIELDS FROM `projects`[0m
  [4;36;1mLocation Columns (0.005000)[0m   [0;1mSHOW FIELDS FROM `locations`[0m
  [4;35;1mNote Columns (0.006000)[0m   [0mSHOW FIELDS FROM `notes`[0m
  [4;36;1mSQL (0.001000)[0m   [0;1mSET NAMES 'utf8'[0m
  [4;35;1mSQL (0.000000)[0m   [0mSET SQL_AUTO_IS_NULL=0[0m
WARNING: You're using the Ruby-based MySQL library that ships with Rails. This library is not suited for production. Please install the C-based MySQL library instead (gem install mysql).
  [4;36;1mSQL (0.001000)[0m   [0;1mSET NAMES 'utf8'[0m
  [4;35;1mSQL (0.000000)[0m   [0mSET SQL_AUTO_IS_NULL=0[0m
  [4;36;1mTask Columns (0.008000)[0m   [0;1mSHOW FIELDS FROM `tasks`[0m
  [4;35;1mProject Columns (0.011000)[0m   [0mSHOW FIELDS FROM `projects`[0m
  [4;36;1mLocation Columns (0.011000)[0m   [0;1mSHOW FIELDS FROM `locations`[0m
  [4;35;1mNote Columns (0.017000)[0m   [0mSHOW FIELDS FROM `notes`[0m
WARNING: You're using the Ruby-based MySQL library that ships with Rails. This library is not suited for production. Please install the C-based MySQL library instead (gem install mysql).
  [4;36;1mSQL (0.000000)[0m   [0;1mSET NAMES 'utf8'[0m
  [4;35;1mSQL (0.000000)[0m   [0mSET SQL_AUTO_IS_NULL=0[0m
  [4;36;1mTask Columns (0.031000)[0m   [0;1mSHOW FIELDS FROM `tasks`[0m
  [4;35;1mProject Columns (0.005000)[0m   [0mSHOW FIELDS FROM `projects`[0m
  [4;36;1mLocation Columns (0.022000)[0m   [0;1mSHOW FIELDS FROM `locations`[0m
  [4;35;1mNote Columns (0.006000)[0m   [0mSHOW FIELDS FROM `notes`[0m
