# Logfile created on Mon Mar 24 20:52:32 Pacific Daylight Time 2008 by logger.rb/1.5.2.7
  [4;36;1mSQL (0.011000)[0m   [0;1mSET SQL_AUTO_IS_NULL=0[0m
  [4;35;1mSQL (0.049000)[0m   [0mselect count(*) from extension_meta[0m
  [4;36;1mRadiant::ExtensionMeta Columns (0.030000)[0m   [0;1mSHOW FIELDS FROM extension_meta[0m
  [4;35;1mRadiant::ExtensionMeta Load (0.003000)[0m   [0mSELECT * FROM extension_meta WHERE (extension_meta.`name` = 'Archive') LIMIT 1[0m
  [4;36;1mRadiant::ExtensionMeta Load (0.001000)[0m   [0;1mSELECT * FROM extension_meta WHERE (extension_meta.`name` = 'Markdown Filter') LIMIT 1[0m
  [4;35;1mRadiant::ExtensionMeta Load (0.001000)[0m   [0mSELECT * FROM extension_meta WHERE (extension_meta.`name` = 'Textile Filter') LIMIT 1[0m


Processing WelcomeController#index (for 127.0.0.1 at 2008-03-24 20:52:56) [GET]
  Session ID: a9cbc8bc8e3628bafde067ab6d975aa3
  Parameters: {"action"=>"index", "controller"=>"admin/welcome"}
  [4;36;1mUser Columns (0.066000)[0m   [0;1mSHOW FIELDS FROM users[0m
  [4;35;1mUser Load (0.015000)[0m   [0mSELECT * FROM users WHERE (users.`id` = 1) ORDER BY name[0m
Redirected to http://localhost:3000/admin/pages
Completed in 0.08800 (11 reqs/sec) | DB: 0.17600 (200%) | 302 Found [http://localhost/admin]
  [4;36;1mRadiant::ExtensionMeta Columns (0.006000)[0m   [0;1mSHOW FIELDS FROM extension_meta[0m
  [4;35;1mRadiant::ExtensionMeta Load (0.003000)[0m   [0mSELECT * FROM extension_meta WHERE (extension_meta.`name` = 'Archive') LIMIT 1[0m
  [4;36;1mRadiant::ExtensionMeta Load (0.001000)[0m   [0;1mSELECT * FROM extension_meta WHERE (extension_meta.`name` = 'Markdown Filter') LIMIT 1[0m
  [4;35;1mRadiant::ExtensionMeta Load (0.001000)[0m   [0mSELECT * FROM extension_meta WHERE (extension_meta.`name` = 'Textile Filter') LIMIT 1[0m


Processing PageController#index (for 127.0.0.1 at 2008-03-24 20:52:58) [GET]
  Session ID: a9cbc8bc8e3628bafde067ab6d975aa3
  Parameters: {"action"=>"index", "controller"=>"admin/page"}
  [4;36;1mUser Columns (0.008000)[0m   [0;1mSHOW FIELDS FROM users[0m
  [4;35;1mUser Load (0.008000)[0m   [0mSELECT * FROM users WHERE (users.`id` = 1) ORDER BY name[0m
  [4;36;1mPage Columns (0.085000)[0m   [0;1mSHOW FIELDS FROM pages[0m
  [4;35;1mPage Load (0.007000)[0m   [0mSELECT * FROM pages WHERE (pages.`parent_id` IS NULL) LIMIT 1[0m
Rendering  within layouts/application
Rendering admin/page/index
  [4;36;1mSQL (0.001000)[0m   [0;1mSELECT count(*) AS count_all FROM pages WHERE (pages.parent_id = 1) [0m
  [4;35;1mSQL (0.001000)[0m   [0mSELECT count(*) AS count_all FROM pages WHERE (pages.parent_id = 1) [0m
  [4;36;1mPage Load (0.005000)[0m   [0;1mSELECT * FROM pages WHERE (pages.parent_id = 1) ORDER BY virtual DESC, title ASC[0m
  [4;35;1mFileNotFoundPage Columns (0.007000)[0m   [0mSHOW FIELDS FROM pages[0m
  [4;36;1mSQL (0.002000)[0m   [0;1mSELECT count(*) AS count_all FROM pages WHERE (pages.parent_id = 2) [0m
  [4;35;1mPage Load (0.019000)[0m   [0mSELECT * FROM pages WHERE (pages.`id` = 1) [0m
Rendered admin/page/_node (0.03700)
  [4;36;1mSQL (0.001000)[0m   [0;1mSELECT count(*) AS count_all FROM pages WHERE (pages.parent_id = 8) [0m
  [4;35;1mPage Load (0.003000)[0m   [0mSELECT * FROM pages WHERE (pages.`id` = 1) [0m
Rendered admin/page/_node (0.01100)
  [4;36;1mArchivePage Columns (0.007000)[0m   [0;1mSHOW FIELDS FROM pages[0m
  [4;35;1mSQL (0.001000)[0m   [0mSELECT count(*) AS count_all FROM pages WHERE (pages.parent_id = 10) [0m
  [4;36;1mSQL (0.001000)[0m   [0;1mSELECT count(*) AS count_all FROM pages WHERE (pages.parent_id = 10) [0m
  [4;35;1mPage Load (0.002000)[0m   [0mSELECT * FROM pages WHERE (pages.`id` = 1) [0m
  [4;36;1mPage Load (0.004000)[0m   [0;1mSELECT * FROM pages WHERE (pages.parent_id = 10) ORDER BY virtual DESC, title ASC[0m
  [4;35;1mSQL (0.001000)[0m   [0mSELECT count(*) AS count_all FROM pages WHERE (pages.parent_id = 11) [0m
  [4;36;1mPage Load (0.022000)[0m   [0;1mSELECT * FROM pages WHERE (pages.`id` = 10) [0m
  [4;35;1mPage Load (0.003000)[0m   [0mSELECT * FROM pages WHERE (pages.`id` = 1) [0m
Rendered admin/page/_node (0.03500)
Rendered admin/page/_node (0.06400)
  [4;36;1mSQL (0.001000)[0m   [0;1mSELECT count(*) AS count_all FROM pages WHERE (pages.parent_id = 3) [0m
  [4;35;1mPage Load (0.004000)[0m   [0mSELECT * FROM pages WHERE (pages.`id` = 1) [0m
Rendered admin/page/_node (0.01000)
  [4;36;1mSQL (0.001000)[0m   [0;1mSELECT count(*) AS count_all FROM pages WHERE (pages.parent_id = 6) [0m
  [4;35;1mPage Load (0.002000)[0m   [0mSELECT * FROM pages WHERE (pages.`id` = 1) [0m
Rendered admin/page/_node (0.01000)
Rendered admin/page/_node (0.17400)
  [4;36;1mRadiant::Config Columns (0.035000)[0m   [0;1mSHOW FIELDS FROM config[0m
  [4;35;1mRadiant::Config Load (0.003000)[0m   [0mSELECT * FROM config WHERE (config.`key` = 'admin.title') LIMIT 1[0m
  [4;36;1mRadiant::Config Load (0.000000)[0m   [0;1mSELECT * FROM config WHERE (config.`key` = 'admin.subtitle') LIMIT 1[0m
  [4;35;1mRadiant::Config Load (0.000000)[0m   [0mSELECT * FROM config WHERE (config.`key` = 'admin.title') LIMIT 1[0m
  [4;36;1mRadiant::Config Load (0.001000)[0m   [0;1mSELECT * FROM config WHERE (config.`key` = 'admin.subtitle') LIMIT 1[0m
options are: /admin/pages
options are: /admin/snippets
options are: /admin/layouts
options are: http://localhost:3000/admin/users
options are: http://localhost:3000/admin/extensions
options are: http://localhost:3000/admin/logout
Completed in 0.37300 (2 reqs/sec) | Rendering: 0.12800 (34%) | DB: 0.24600 (65%) | 200 OK [http://localhost/admin/pages]
  [4;35;1mRadiant::ExtensionMeta Columns (0.005000)[0m   [0mSHOW FIELDS FROM extension_meta[0m
  [4;36;1mRadiant::ExtensionMeta Load (0.004000)[0m   [0;1mSELECT * FROM extension_meta WHERE (extension_meta.`name` = 'Archive') LIMIT 1[0m
  [4;35;1mRadiant::ExtensionMeta Load (0.001000)[0m   [0mSELECT * FROM extension_meta WHERE (extension_meta.`name` = 'Markdown Filter') LIMIT 1[0m
  [4;36;1mRadiant::ExtensionMeta Load (0.002000)[0m   [0;1mSELECT * FROM extension_meta WHERE (extension_meta.`name` = 'Textile Filter') LIMIT 1[0m


Processing SiteController#show_page (for 127.0.0.1 at 2008-03-24 20:53:13) [GET]
  Parameters: {"url"=>"/", "action"=>"show_page", "controller"=>"site"}
  [4;35;1mRadiant::Config Load (0.001000)[0m   [0mSELECT * FROM config WHERE (config.`key` = 'dev.host') LIMIT 1[0m
  [4;36;1mRadiant::Config Load (0.001000)[0m   [0;1mSELECT * FROM config WHERE (config.`key` = 'dev.host') LIMIT 1[0m
  [4;35;1mPage Columns (0.007000)[0m   [0mSHOW FIELDS FROM pages[0m
  [4;36;1mPage Load (0.005000)[0m   [0;1mSELECT * FROM pages WHERE (pages.`parent_id` IS NULL) LIMIT 1[0m
  [4;35;1mLayout Columns (0.026000)[0m   [0mSHOW FIELDS FROM layouts[0m
  [4;36;1mLayout Load (0.004000)[0m   [0;1mSELECT * FROM layouts WHERE (layouts.`id` = 1) ORDER BY name[0m
  [4;35;1mSnippet Columns (0.040000)[0m   [0mSHOW FIELDS FROM snippets[0m
  [4;36;1mSnippet Load (0.003000)[0m   [0;1mSELECT * FROM snippets WHERE (snippets.`name` = 'header') LIMIT 1[0m
  [4;35;1mPagePart Load (0.064000)[0m   [0mSELECT * FROM page_parts WHERE (page_parts.page_id = 1) ORDER BY id[0m
  [4;36;1mPagePart Columns (0.008000)[0m   [0;1mSHOW FIELDS FROM page_parts[0m
  [4;35;1mPagePart Load (0.001000)[0m   [0mSELECT * FROM page_parts WHERE (page_parts.page_id = 1) AND (page_parts.`name` = 'body') LIMIT 1[0m
  [4;36;1mPage Load (0.003000)[0m   [0;1mSELECT * FROM pages WHERE (pages.`parent_id` IS NULL) LIMIT 1[0m
  [4;35;1mPage Load (0.003000)[0m   [0mSELECT * FROM pages WHERE (pages.parent_id = 1) AND (pages.`slug` = 'articles') LIMIT 1[0m
  [4;36;1mArchivePage Columns (0.008000)[0m   [0;1mSHOW FIELDS FROM pages[0m
  [4;35;1mPage Load (0.004000)[0m   [0mSELECT * FROM pages WHERE (pages.`id` = 1) [0m
  [4;36;1mPage Load (0.090000)[0m   [0;1mSELECT * FROM pages WHERE (pages.parent_id = 10 AND ((virtual = 0) and (status_id = 100))) ORDER BY published_at DESC, virtual DESC, title ASC LIMIT 1[0m
  [4;35;1mPage Load (0.003000)[0m   [0mSELECT * FROM pages WHERE (pages.`id` = 10) [0m
  [4;36;1mPage Load (0.002000)[0m   [0;1mSELECT * FROM pages WHERE (pages.`id` = 1) [0m
  [4;35;1mPagePart Load (0.001000)[0m   [0mSELECT * FROM page_parts WHERE (page_parts.page_id = 11) ORDER BY id[0m
  [4;36;1mPagePart Load (0.001000)[0m   [0;1mSELECT * FROM page_parts WHERE (page_parts.page_id = 11) AND (page_parts.`name` = 'body') LIMIT 1[0m
  [4;35;1mPagePart Load (0.001000)[0m   [0mSELECT * FROM page_parts WHERE (page_parts.page_id = 11) AND (page_parts.`name` = 'extended') LIMIT 1[0m
  [4;36;1mUser Columns (0.006000)[0m   [0;1mSHOW FIELDS FROM users[0m
  [4;35;1mUser Load (0.005000)[0m   [0mSELECT * FROM users WHERE (users.`id` = 1) ORDER BY name[0m
  [4;36;1mRadiant::Config Load (0.001000)[0m   [0;1mSELECT * FROM config WHERE (config.`key` = 'local.timezone') LIMIT 1[0m
  [4;35;1mPage Load (0.002000)[0m   [0mSELECT * FROM pages WHERE (pages.parent_id = 10 AND ((virtual = 0) and (status_id = 100))) ORDER BY published_at DESC, virtual DESC, title ASC LIMIT 1, 4[0m
  [4;36;1mPagePart Load (0.002000)[0m   [0;1mSELECT * FROM page_parts WHERE (page_parts.page_id = 1) AND (page_parts.`name` = 'extended') LIMIT 1[0m
  [4;35;1mPagePart Load (0.001000)[0m   [0mSELECT * FROM page_parts WHERE (page_parts.page_id = 1) AND (page_parts.`name` = 'sidebar') LIMIT 1[0m
  [4;36;1mPagePart Load (0.002000)[0m   [0;1mSELECT * FROM page_parts WHERE (page_parts.page_id = 1) AND (page_parts.`name` = 'sidebar') LIMIT 1[0m
  [4;35;1mPage Load (0.002000)[0m   [0mSELECT * FROM pages WHERE (pages.`parent_id` IS NULL) LIMIT 1[0m
  [4;36;1mPage Load (0.003000)[0m   [0;1mSELECT * FROM pages WHERE (pages.parent_id = 1) AND (pages.`slug` = 'articles') LIMIT 1[0m
  [4;35;1mPage Load (0.002000)[0m   [0mSELECT * FROM pages WHERE (pages.`id` = 1) [0m
  [4;36;1mPage Load (0.002000)[0m   [0;1mSELECT * FROM pages WHERE (pages.parent_id = 10 AND ((virtual = 0) and (status_id = 100))) ORDER BY published_at DESC, virtual DESC, title ASC LIMIT 5, 10[0m
  [4;35;1mSnippet Load (0.002000)[0m   [0mSELECT * FROM snippets WHERE (snippets.`name` = 'footer') LIMIT 1[0m
  [4;36;1mRadiant::Config Load (0.001000)[0m   [0;1mSELECT * FROM config WHERE (config.`key` = 'local.timezone') LIMIT 1[0m
  [4;35;1mRadiant::Config Load (0.001000)[0m   [0mSELECT * FROM config WHERE (config.`key` = 'dev.host') LIMIT 1[0m
Cached page: C:/rubyApps/rubysite/cache (0.00500)
Completed in 0.66600 (1 reqs/sec) | DB: 0.32000 (48%) | 200 OK [http://localhost/]
  [4;36;1mRadiant::ExtensionMeta Columns (0.005000)[0m   [0;1mSHOW FIELDS FROM extension_meta[0m
  [4;35;1mRadiant::ExtensionMeta Load (0.003000)[0m   [0mSELECT * FROM extension_meta WHERE (extension_meta.`name` = 'Archive') LIMIT 1[0m
  [4;36;1mRadiant::ExtensionMeta Load (0.001000)[0m   [0;1mSELECT * FROM extension_meta WHERE (extension_meta.`name` = 'Markdown Filter') LIMIT 1[0m
  [4;35;1mRadiant::ExtensionMeta Load (0.002000)[0m   [0mSELECT * FROM extension_meta WHERE (extension_meta.`name` = 'Textile Filter') LIMIT 1[0m


Processing SiteController#show_page (for 127.0.0.1 at 2008-03-24 20:53:15) [GET]
  Parameters: {"url"=>["styles.css"], "action"=>"show_page", "controller"=>"site"}
  [4;36;1mRadiant::Config Load (0.001000)[0m   [0;1mSELECT * FROM config WHERE (config.`key` = 'dev.host') LIMIT 1[0m
  [4;35;1mRadiant::Config Load (0.001000)[0m   [0mSELECT * FROM config WHERE (config.`key` = 'dev.host') LIMIT 1[0m
  [4;36;1mPage Columns (0.008000)[0m   [0;1mSHOW FIELDS FROM pages[0m
  [4;35;1mPage Load (0.004000)[0m   [0mSELECT * FROM pages WHERE (pages.`parent_id` IS NULL) LIMIT 1[0m
  [4;36;1mPage Load (0.003000)[0m   [0;1mSELECT * FROM pages WHERE (pages.parent_id = 1) AND (pages.`slug` = 'styles.css') LIMIT 1[0m
  [4;35;1mPage Load (0.003000)[0m   [0mSELECT * FROM pages WHERE (pages.`id` = 1) [0m
  [4;36;1mLayout Columns (0.006000)[0m   [0;1mSHOW FIELDS FROM layouts[0m
  [4;35;1mLayout Load (0.002000)[0m   [0mSELECT * FROM layouts WHERE (layouts.`id` = 2) ORDER BY name[0m
  [4;36;1mPagePart Load (0.003000)[0m   [0;1mSELECT * FROM page_parts WHERE (page_parts.page_id = 6) ORDER BY id[0m
  [4;35;1mPagePart Columns (0.012000)[0m   [0mSHOW FIELDS FROM page_parts[0m
  [4;36;1mPagePart Load (0.004000)[0m   [0;1mSELECT * FROM page_parts WHERE (page_parts.page_id = 6) AND (page_parts.`name` = 'body') LIMIT 1[0m
  [4;35;1mRadiant::Config Load (0.004000)[0m   [0mSELECT * FROM config WHERE (config.`key` = 'dev.host') LIMIT 1[0m
Cached page: C:/rubyApps/rubysite/cache/styles.css (0.00900)
Completed in 0.17600 (5 reqs/sec) | DB: 0.06200 (35%) | 200 OK [http://localhost/styles.css]
  [4;36;1mRadiant::ExtensionMeta Columns (0.011000)[0m   [0;1mSHOW FIELDS FROM extension_meta[0m
  [4;35;1mRadiant::ExtensionMeta Load (0.002000)[0m   [0mSELECT * FROM extension_meta WHERE (extension_meta.`name` = 'Archive') LIMIT 1[0m
  [4;36;1mRadiant::ExtensionMeta Load (0.007000)[0m   [0;1mSELECT * FROM extension_meta WHERE (extension_meta.`name` = 'Markdown Filter') LIMIT 1[0m
  [4;35;1mRadiant::ExtensionMeta Load (0.001000)[0m   [0mSELECT * FROM extension_meta WHERE (extension_meta.`name` = 'Textile Filter') LIMIT 1[0m
